2024-04-17 11:20:03,117 - DEBUG - entering code: StateBlock(line=0,level=0,tokens=0), 0, 10, False
2024-04-17 11:20:03,118 - DEBUG - entering fence: StateBlock(line=0,level=0,tokens=0), 0, 10, False
2024-04-17 11:20:03,118 - DEBUG - entering blockquote: StateBlock(line=0,level=0,tokens=0), 0, 10, False
2024-04-17 11:20:03,118 - DEBUG - entering hr: StateBlock(line=0,level=0,tokens=0), 0, 10, False
2024-04-17 11:20:03,118 - DEBUG - entering list: StateBlock(line=0,level=0,tokens=0), 0, 10, False
2024-04-17 11:20:03,118 - DEBUG - entering reference: StateBlock(line=0,level=0,tokens=0), 0, 10, False
2024-04-17 11:20:03,118 - DEBUG - entering html_block: StateBlock(line=0,level=0,tokens=0), 0, 10, False
2024-04-17 11:20:03,128 - DEBUG - entering heading: StateBlock(line=0,level=0,tokens=0), 0, 10, False
2024-04-17 11:20:03,129 - DEBUG - entering code: StateBlock(line=2,level=0,tokens=3), 2, 10, False
2024-04-17 11:20:03,129 - DEBUG - entering fence: StateBlock(line=2,level=0,tokens=3), 2, 10, False
2024-04-17 11:20:03,129 - DEBUG - entering code: StateBlock(line=5,level=0,tokens=4), 5, 10, False
2024-04-17 11:20:03,129 - DEBUG - entering fence: StateBlock(line=5,level=0,tokens=4), 5, 10, False
2024-04-17 11:20:03,129 - DEBUG - entering code: StateBlock(line=8,level=0,tokens=5), 8, 10, False
2024-04-17 11:20:03,129 - DEBUG - entering fence: StateBlock(line=8,level=0,tokens=5), 8, 10, False
2024-04-17 11:20:03,133 - DEBUG - entering code: StateBlock(line=1,level=0,tokens=0), 1, 91, False
2024-04-17 11:20:03,133 - DEBUG - entering fence: StateBlock(line=1,level=0,tokens=0), 1, 91, False
2024-04-17 11:20:03,133 - DEBUG - entering blockquote: StateBlock(line=1,level=0,tokens=0), 1, 91, False
2024-04-17 11:20:03,133 - DEBUG - entering hr: StateBlock(line=1,level=0,tokens=0), 1, 91, False
2024-04-17 11:20:03,133 - DEBUG - entering list: StateBlock(line=1,level=0,tokens=0), 1, 91, False
2024-04-17 11:20:03,133 - DEBUG - entering reference: StateBlock(line=1,level=0,tokens=0), 1, 91, False
2024-04-17 11:20:03,133 - DEBUG - entering html_block: StateBlock(line=1,level=0,tokens=0), 1, 91, False
2024-04-17 11:20:03,133 - DEBUG - entering heading: StateBlock(line=1,level=0,tokens=0), 1, 91, False
2024-04-17 11:20:03,134 - DEBUG - entering code: StateBlock(line=3,level=0,tokens=3), 3, 91, False
2024-04-17 11:20:03,134 - DEBUG - entering fence: StateBlock(line=3,level=0,tokens=3), 3, 91, False
2024-04-17 11:20:03,134 - DEBUG - entering blockquote: StateBlock(line=3,level=0,tokens=3), 3, 91, False
2024-04-17 11:20:03,134 - DEBUG - entering hr: StateBlock(line=3,level=0,tokens=3), 3, 91, False
2024-04-17 11:20:03,134 - DEBUG - entering list: StateBlock(line=3,level=0,tokens=3), 3, 91, False
2024-04-17 11:20:03,134 - DEBUG - entering reference: StateBlock(line=3,level=0,tokens=3), 3, 91, False
2024-04-17 11:20:03,134 - DEBUG - entering html_block: StateBlock(line=3,level=0,tokens=3), 3, 91, False
2024-04-17 11:20:03,134 - DEBUG - entering heading: StateBlock(line=3,level=0,tokens=3), 3, 91, False
2024-04-17 11:20:03,134 - DEBUG - entering lheading: StateBlock(line=3,level=0,tokens=3), 3, 91, False
2024-04-17 11:20:03,134 - DEBUG - entering paragraph: StateBlock(line=3,level=0,tokens=3), 3, 91, False
2024-04-17 11:20:03,134 - DEBUG - entering code: StateBlock(line=6,level=0,tokens=6), 6, 91, False
2024-04-17 11:20:03,134 - DEBUG - entering fence: StateBlock(line=6,level=0,tokens=6), 6, 91, False
2024-04-17 11:20:03,134 - DEBUG - entering blockquote: StateBlock(line=6,level=0,tokens=6), 6, 91, False
2024-04-17 11:20:03,134 - DEBUG - entering hr: StateBlock(line=6,level=0,tokens=6), 6, 91, False
2024-04-17 11:20:03,134 - DEBUG - entering list: StateBlock(line=6,level=0,tokens=6), 6, 91, False
2024-04-17 11:20:03,134 - DEBUG - entering reference: StateBlock(line=6,level=0,tokens=6), 6, 91, False
2024-04-17 11:20:03,134 - DEBUG - entering html_block: StateBlock(line=6,level=0,tokens=6), 6, 91, False
2024-04-17 11:20:03,134 - DEBUG - entering heading: StateBlock(line=6,level=0,tokens=6), 6, 91, False
2024-04-17 11:20:03,135 - DEBUG - entering code: StateBlock(line=8,level=0,tokens=9), 8, 91, False
2024-04-17 11:20:03,135 - DEBUG - entering fence: StateBlock(line=8,level=0,tokens=9), 8, 91, False
2024-04-17 11:20:03,135 - DEBUG - entering blockquote: StateBlock(line=8,level=0,tokens=9), 8, 91, False
2024-04-17 11:20:03,135 - DEBUG - entering hr: StateBlock(line=8,level=0,tokens=9), 8, 91, False
2024-04-17 11:20:03,135 - DEBUG - entering list: StateBlock(line=8,level=0,tokens=9), 8, 91, False
2024-04-17 11:20:03,135 - DEBUG - entering reference: StateBlock(line=8,level=0,tokens=9), 8, 91, False
2024-04-17 11:20:03,135 - DEBUG - entering html_block: StateBlock(line=8,level=0,tokens=9), 8, 91, False
2024-04-17 11:20:03,135 - DEBUG - entering heading: StateBlock(line=8,level=0,tokens=9), 8, 91, False
2024-04-17 11:20:03,135 - DEBUG - entering lheading: StateBlock(line=8,level=0,tokens=9), 8, 91, False
2024-04-17 11:20:03,135 - DEBUG - entering paragraph: StateBlock(line=8,level=0,tokens=9), 8, 91, False
2024-04-17 11:20:03,135 - DEBUG - entering code: StateBlock(line=10,level=0,tokens=12), 10, 91, False
2024-04-17 11:20:03,135 - DEBUG - entering fence: StateBlock(line=10,level=0,tokens=12), 10, 91, False
2024-04-17 11:20:03,135 - DEBUG - entering blockquote: StateBlock(line=10,level=0,tokens=12), 10, 91, False
2024-04-17 11:20:03,135 - DEBUG - entering hr: StateBlock(line=10,level=0,tokens=12), 10, 91, False
2024-04-17 11:20:03,135 - DEBUG - entering list: StateBlock(line=10,level=0,tokens=12), 10, 91, False
2024-04-17 11:20:03,135 - DEBUG - entering reference: StateBlock(line=10,level=0,tokens=12), 10, 91, False
2024-04-17 11:20:03,135 - DEBUG - entering html_block: StateBlock(line=10,level=0,tokens=12), 10, 91, False
2024-04-17 11:20:03,135 - DEBUG - entering heading: StateBlock(line=10,level=0,tokens=12), 10, 91, False
2024-04-17 11:20:03,136 - DEBUG - entering lheading: StateBlock(line=10,level=0,tokens=12), 10, 91, False
2024-04-17 11:20:03,136 - DEBUG - entering paragraph: StateBlock(line=10,level=0,tokens=12), 10, 91, False
2024-04-17 11:20:03,136 - DEBUG - entering code: StateBlock(line=12,level=0,tokens=15), 12, 91, False
2024-04-17 11:20:03,136 - DEBUG - entering fence: StateBlock(line=12,level=0,tokens=15), 12, 91, False
2024-04-17 11:20:03,136 - DEBUG - entering blockquote: StateBlock(line=12,level=0,tokens=15), 12, 91, False
2024-04-17 11:20:03,136 - DEBUG - entering hr: StateBlock(line=12,level=0,tokens=15), 12, 91, False
2024-04-17 11:20:03,136 - DEBUG - entering list: StateBlock(line=12,level=0,tokens=15), 12, 91, False
2024-04-17 11:20:03,136 - DEBUG - entering reference: StateBlock(line=12,level=0,tokens=15), 12, 91, False
2024-04-17 11:20:03,136 - DEBUG - entering html_block: StateBlock(line=12,level=0,tokens=15), 12, 91, False
2024-04-17 11:20:03,136 - DEBUG - entering heading: StateBlock(line=12,level=0,tokens=15), 12, 91, False
2024-04-17 11:20:03,136 - DEBUG - entering lheading: StateBlock(line=12,level=0,tokens=15), 12, 91, False
2024-04-17 11:20:03,136 - DEBUG - entering paragraph: StateBlock(line=12,level=0,tokens=15), 12, 91, False
2024-04-17 11:20:03,136 - DEBUG - entering code: StateBlock(line=14,level=0,tokens=18), 14, 91, False
2024-04-17 11:20:03,137 - DEBUG - entering fence: StateBlock(line=14,level=0,tokens=18), 14, 91, False
2024-04-17 11:20:03,137 - DEBUG - entering blockquote: StateBlock(line=14,level=0,tokens=18), 14, 91, False
2024-04-17 11:20:03,137 - DEBUG - entering hr: StateBlock(line=14,level=0,tokens=18), 14, 91, False
2024-04-17 11:20:03,137 - DEBUG - entering list: StateBlock(line=14,level=0,tokens=18), 14, 91, False
2024-04-17 11:20:03,137 - DEBUG - entering reference: StateBlock(line=14,level=0,tokens=18), 14, 91, False
2024-04-17 11:20:03,137 - DEBUG - entering html_block: StateBlock(line=14,level=0,tokens=18), 14, 91, False
2024-04-17 11:20:03,137 - DEBUG - entering heading: StateBlock(line=14,level=0,tokens=18), 14, 91, False
2024-04-17 11:20:03,137 - DEBUG - entering code: StateBlock(line=16,level=0,tokens=21), 16, 91, False
2024-04-17 11:20:03,137 - DEBUG - entering fence: StateBlock(line=16,level=0,tokens=21), 16, 91, False
2024-04-17 11:20:03,137 - DEBUG - entering blockquote: StateBlock(line=16,level=0,tokens=21), 16, 91, False
2024-04-17 11:20:03,137 - DEBUG - entering hr: StateBlock(line=16,level=0,tokens=21), 16, 91, False
2024-04-17 11:20:03,137 - DEBUG - entering list: StateBlock(line=16,level=0,tokens=21), 16, 91, False
2024-04-17 11:20:03,137 - DEBUG - entering code: StateBlock(line=16,level=2,tokens=23), 16, 91, False
2024-04-17 11:20:03,137 - DEBUG - entering fence: StateBlock(line=16,level=2,tokens=23), 16, 91, False
2024-04-17 11:20:03,137 - DEBUG - entering blockquote: StateBlock(line=16,level=2,tokens=23), 16, 91, False
2024-04-17 11:20:03,137 - DEBUG - entering hr: StateBlock(line=16,level=2,tokens=23), 16, 91, False
2024-04-17 11:20:03,137 - DEBUG - entering list: StateBlock(line=16,level=2,tokens=23), 16, 91, False
2024-04-17 11:20:03,138 - DEBUG - entering reference: StateBlock(line=16,level=2,tokens=23), 16, 91, False
2024-04-17 11:20:03,138 - DEBUG - entering html_block: StateBlock(line=16,level=2,tokens=23), 16, 91, False
2024-04-17 11:20:03,138 - DEBUG - entering heading: StateBlock(line=16,level=2,tokens=23), 16, 91, False
2024-04-17 11:20:03,138 - DEBUG - entering lheading: StateBlock(line=16,level=2,tokens=23), 16, 91, False
2024-04-17 11:20:03,138 - DEBUG - entering fence: StateBlock(line=16,level=2,tokens=23), 17, 91, True
2024-04-17 11:20:03,138 - DEBUG - entering blockquote: StateBlock(line=16,level=2,tokens=23), 17, 91, True
2024-04-17 11:20:03,138 - DEBUG - entering hr: StateBlock(line=16,level=2,tokens=23), 17, 91, True
2024-04-17 11:20:03,138 - DEBUG - entering list: StateBlock(line=16,level=2,tokens=23), 17, 91, True
2024-04-17 11:20:03,138 - DEBUG - entering paragraph: StateBlock(line=16,level=2,tokens=23), 16, 91, False
2024-04-17 11:20:03,138 - DEBUG - entering fence: StateBlock(line=16,level=2,tokens=23), 17, 91, True
2024-04-17 11:20:03,138 - DEBUG - entering blockquote: StateBlock(line=16,level=2,tokens=23), 17, 91, True
2024-04-17 11:20:03,138 - DEBUG - entering hr: StateBlock(line=16,level=2,tokens=23), 17, 91, True
2024-04-17 11:20:03,138 - DEBUG - entering list: StateBlock(line=16,level=2,tokens=23), 17, 91, True
2024-04-17 11:20:03,138 - DEBUG - entering fence: StateBlock(line=17,level=1,tokens=27), 17, 91, True
2024-04-17 11:20:03,138 - DEBUG - entering blockquote: StateBlock(line=17,level=1,tokens=27), 17, 91, True
2024-04-17 11:20:03,138 - DEBUG - entering hr: StateBlock(line=17,level=1,tokens=27), 17, 91, True
2024-04-17 11:20:03,138 - DEBUG - entering code: StateBlock(line=17,level=2,tokens=28), 17, 91, False
2024-04-17 11:20:03,138 - DEBUG - entering fence: StateBlock(line=17,level=2,tokens=28), 17, 91, False
2024-04-17 11:20:03,138 - DEBUG - entering blockquote: StateBlock(line=17,level=2,tokens=28), 17, 91, False
2024-04-17 11:20:03,138 - DEBUG - entering hr: StateBlock(line=17,level=2,tokens=28), 17, 91, False
2024-04-17 11:20:03,139 - DEBUG - entering list: StateBlock(line=17,level=2,tokens=28), 17, 91, False
2024-04-17 11:20:03,139 - DEBUG - entering reference: StateBlock(line=17,level=2,tokens=28), 17, 91, False
2024-04-17 11:20:03,139 - DEBUG - entering html_block: StateBlock(line=17,level=2,tokens=28), 17, 91, False
2024-04-17 11:20:03,139 - DEBUG - entering heading: StateBlock(line=17,level=2,tokens=28), 17, 91, False
2024-04-17 11:20:03,139 - DEBUG - entering lheading: StateBlock(line=17,level=2,tokens=28), 17, 91, False
2024-04-17 11:20:03,139 - DEBUG - entering fence: StateBlock(line=17,level=2,tokens=28), 18, 91, True
2024-04-17 11:20:03,139 - DEBUG - entering blockquote: StateBlock(line=17,level=2,tokens=28), 18, 91, True
2024-04-17 11:20:03,139 - DEBUG - entering hr: StateBlock(line=17,level=2,tokens=28), 18, 91, True
2024-04-17 11:20:03,139 - DEBUG - entering list: StateBlock(line=17,level=2,tokens=28), 18, 91, True
2024-04-17 11:20:03,139 - DEBUG - entering paragraph: StateBlock(line=17,level=2,tokens=28), 17, 91, False
2024-04-17 11:20:03,139 - DEBUG - entering fence: StateBlock(line=17,level=2,tokens=28), 18, 91, True
2024-04-17 11:20:03,139 - DEBUG - entering blockquote: StateBlock(line=17,level=2,tokens=28), 18, 91, True
2024-04-17 11:20:03,139 - DEBUG - entering hr: StateBlock(line=17,level=2,tokens=28), 18, 91, True
2024-04-17 11:20:03,139 - DEBUG - entering list: StateBlock(line=17,level=2,tokens=28), 18, 91, True
2024-04-17 11:20:03,139 - DEBUG - entering fence: StateBlock(line=18,level=1,tokens=32), 18, 91, True
2024-04-17 11:20:03,139 - DEBUG - entering blockquote: StateBlock(line=18,level=1,tokens=32), 18, 91, True
2024-04-17 11:20:03,139 - DEBUG - entering hr: StateBlock(line=18,level=1,tokens=32), 18, 91, True
2024-04-17 11:20:03,139 - DEBUG - entering code: StateBlock(line=18,level=2,tokens=33), 18, 91, False
2024-04-17 11:20:03,139 - DEBUG - entering fence: StateBlock(line=18,level=2,tokens=33), 18, 91, False
2024-04-17 11:20:03,139 - DEBUG - entering blockquote: StateBlock(line=18,level=2,tokens=33), 18, 91, False
2024-04-17 11:20:03,140 - DEBUG - entering hr: StateBlock(line=18,level=2,tokens=33), 18, 91, False
2024-04-17 11:20:03,140 - DEBUG - entering list: StateBlock(line=18,level=2,tokens=33), 18, 91, False
2024-04-17 11:20:03,140 - DEBUG - entering reference: StateBlock(line=18,level=2,tokens=33), 18, 91, False
2024-04-17 11:20:03,140 - DEBUG - entering html_block: StateBlock(line=18,level=2,tokens=33), 18, 91, False
2024-04-17 11:20:03,140 - DEBUG - entering heading: StateBlock(line=18,level=2,tokens=33), 18, 91, False
2024-04-17 11:20:03,140 - DEBUG - entering lheading: StateBlock(line=18,level=2,tokens=33), 18, 91, False
2024-04-17 11:20:03,140 - DEBUG - entering fence: StateBlock(line=18,level=2,tokens=33), 19, 91, True
2024-04-17 11:20:03,140 - DEBUG - entering blockquote: StateBlock(line=18,level=2,tokens=33), 19, 91, True
2024-04-17 11:20:03,140 - DEBUG - entering hr: StateBlock(line=18,level=2,tokens=33), 19, 91, True
2024-04-17 11:20:03,140 - DEBUG - entering list: StateBlock(line=18,level=2,tokens=33), 19, 91, True
2024-04-17 11:20:03,140 - DEBUG - entering paragraph: StateBlock(line=18,level=2,tokens=33), 18, 91, False
2024-04-17 11:20:03,140 - DEBUG - entering fence: StateBlock(line=18,level=2,tokens=33), 19, 91, True
2024-04-17 11:20:03,140 - DEBUG - entering blockquote: StateBlock(line=18,level=2,tokens=33), 19, 91, True
2024-04-17 11:20:03,140 - DEBUG - entering hr: StateBlock(line=18,level=2,tokens=33), 19, 91, True
2024-04-17 11:20:03,140 - DEBUG - entering list: StateBlock(line=18,level=2,tokens=33), 19, 91, True
2024-04-17 11:20:03,140 - DEBUG - entering fence: StateBlock(line=19,level=1,tokens=37), 19, 91, True
2024-04-17 11:20:03,140 - DEBUG - entering blockquote: StateBlock(line=19,level=1,tokens=37), 19, 91, True
2024-04-17 11:20:03,140 - DEBUG - entering hr: StateBlock(line=19,level=1,tokens=37), 19, 91, True
2024-04-17 11:20:03,140 - DEBUG - entering code: StateBlock(line=19,level=2,tokens=38), 19, 91, False
2024-04-17 11:20:03,140 - DEBUG - entering fence: StateBlock(line=19,level=2,tokens=38), 19, 91, False
2024-04-17 11:20:03,140 - DEBUG - entering blockquote: StateBlock(line=19,level=2,tokens=38), 19, 91, False
2024-04-17 11:20:03,140 - DEBUG - entering hr: StateBlock(line=19,level=2,tokens=38), 19, 91, False
2024-04-17 11:20:03,140 - DEBUG - entering list: StateBlock(line=19,level=2,tokens=38), 19, 91, False
2024-04-17 11:20:03,140 - DEBUG - entering reference: StateBlock(line=19,level=2,tokens=38), 19, 91, False
2024-04-17 11:20:03,140 - DEBUG - entering html_block: StateBlock(line=19,level=2,tokens=38), 19, 91, False
2024-04-17 11:20:03,140 - DEBUG - entering heading: StateBlock(line=19,level=2,tokens=38), 19, 91, False
2024-04-17 11:20:03,141 - DEBUG - entering lheading: StateBlock(line=19,level=2,tokens=38), 19, 91, False
2024-04-17 11:20:03,141 - DEBUG - entering paragraph: StateBlock(line=19,level=2,tokens=38), 19, 91, False
2024-04-17 11:20:03,141 - DEBUG - entering fence: StateBlock(line=21,level=1,tokens=42), 21, 91, True
2024-04-17 11:20:03,141 - DEBUG - entering blockquote: StateBlock(line=21,level=1,tokens=42), 21, 91, True
2024-04-17 11:20:03,141 - DEBUG - entering hr: StateBlock(line=21,level=1,tokens=42), 21, 91, True
2024-04-17 11:20:03,141 - DEBUG - entering code: StateBlock(line=21,level=0,tokens=43), 21, 91, False
2024-04-17 11:20:03,141 - DEBUG - entering fence: StateBlock(line=21,level=0,tokens=43), 21, 91, False
2024-04-17 11:20:03,141 - DEBUG - entering blockquote: StateBlock(line=21,level=0,tokens=43), 21, 91, False
2024-04-17 11:20:03,141 - DEBUG - entering hr: StateBlock(line=21,level=0,tokens=43), 21, 91, False
2024-04-17 11:20:03,141 - DEBUG - entering list: StateBlock(line=21,level=0,tokens=43), 21, 91, False
2024-04-17 11:20:03,141 - DEBUG - entering reference: StateBlock(line=21,level=0,tokens=43), 21, 91, False
2024-04-17 11:20:03,141 - DEBUG - entering html_block: StateBlock(line=21,level=0,tokens=43), 21, 91, False
2024-04-17 11:20:03,141 - DEBUG - entering heading: StateBlock(line=21,level=0,tokens=43), 21, 91, False
2024-04-17 11:20:03,141 - DEBUG - entering lheading: StateBlock(line=21,level=0,tokens=43), 21, 91, False
2024-04-17 11:20:03,141 - DEBUG - entering fence: StateBlock(line=21,level=0,tokens=43), 22, 91, True
2024-04-17 11:20:03,141 - DEBUG - entering blockquote: StateBlock(line=21,level=0,tokens=43), 22, 91, True
2024-04-17 11:20:03,141 - DEBUG - entering hr: StateBlock(line=21,level=0,tokens=43), 22, 91, True
2024-04-17 11:20:03,141 - DEBUG - entering list: StateBlock(line=21,level=0,tokens=43), 22, 91, True
2024-04-17 11:20:03,141 - DEBUG - entering html_block: StateBlock(line=21,level=0,tokens=43), 22, 91, True
2024-04-17 11:20:03,141 - DEBUG - entering heading: StateBlock(line=21,level=0,tokens=43), 22, 91, True
2024-04-17 11:20:03,141 - DEBUG - entering paragraph: StateBlock(line=21,level=0,tokens=43), 21, 91, False
2024-04-17 11:20:03,141 - DEBUG - entering fence: StateBlock(line=21,level=0,tokens=43), 22, 91, True
2024-04-17 11:20:03,141 - DEBUG - entering blockquote: StateBlock(line=21,level=0,tokens=43), 22, 91, True
2024-04-17 11:20:03,141 - DEBUG - entering hr: StateBlock(line=21,level=0,tokens=43), 22, 91, True
2024-04-17 11:20:03,142 - DEBUG - entering list: StateBlock(line=21,level=0,tokens=43), 22, 91, True
2024-04-17 11:20:03,142 - DEBUG - entering html_block: StateBlock(line=21,level=0,tokens=43), 22, 91, True
2024-04-17 11:20:03,142 - DEBUG - entering heading: StateBlock(line=21,level=0,tokens=43), 22, 91, True
2024-04-17 11:20:03,142 - DEBUG - entering code: StateBlock(line=22,level=0,tokens=46), 22, 91, False
2024-04-17 11:20:03,142 - DEBUG - entering fence: StateBlock(line=22,level=0,tokens=46), 22, 91, False
2024-04-17 11:20:03,142 - DEBUG - entering blockquote: StateBlock(line=22,level=0,tokens=46), 22, 91, False
2024-04-17 11:20:03,142 - DEBUG - entering hr: StateBlock(line=22,level=0,tokens=46), 22, 91, False
2024-04-17 11:20:03,142 - DEBUG - entering list: StateBlock(line=22,level=0,tokens=46), 22, 91, False
2024-04-17 11:20:03,142 - DEBUG - entering reference: StateBlock(line=22,level=0,tokens=46), 22, 91, False
2024-04-17 11:20:03,142 - DEBUG - entering html_block: StateBlock(line=22,level=0,tokens=46), 22, 91, False
2024-04-17 11:20:03,142 - DEBUG - entering heading: StateBlock(line=22,level=0,tokens=46), 22, 91, False
2024-04-17 11:20:03,142 - DEBUG - entering code: StateBlock(line=24,level=0,tokens=49), 24, 91, False
2024-04-17 11:20:03,142 - DEBUG - entering fence: StateBlock(line=24,level=0,tokens=49), 24, 91, False
2024-04-17 11:20:03,142 - DEBUG - entering blockquote: StateBlock(line=24,level=0,tokens=49), 24, 91, False
2024-04-17 11:20:03,142 - DEBUG - entering hr: StateBlock(line=24,level=0,tokens=49), 24, 91, False
2024-04-17 11:20:03,142 - DEBUG - entering list: StateBlock(line=24,level=0,tokens=49), 24, 91, False
2024-04-17 11:20:03,142 - DEBUG - entering code: StateBlock(line=24,level=2,tokens=51), 24, 91, False
2024-04-17 11:20:03,142 - DEBUG - entering fence: StateBlock(line=24,level=2,tokens=51), 24, 91, False
2024-04-17 11:20:03,142 - DEBUG - entering blockquote: StateBlock(line=24,level=2,tokens=51), 24, 91, False
2024-04-17 11:20:03,142 - DEBUG - entering hr: StateBlock(line=24,level=2,tokens=51), 24, 91, False
2024-04-17 11:20:03,142 - DEBUG - entering list: StateBlock(line=24,level=2,tokens=51), 24, 91, False
2024-04-17 11:20:03,142 - DEBUG - entering reference: StateBlock(line=24,level=2,tokens=51), 24, 91, False
2024-04-17 11:20:03,142 - DEBUG - entering html_block: StateBlock(line=24,level=2,tokens=51), 24, 91, False
2024-04-17 11:20:03,142 - DEBUG - entering heading: StateBlock(line=24,level=2,tokens=51), 24, 91, False
2024-04-17 11:20:03,142 - DEBUG - entering lheading: StateBlock(line=24,level=2,tokens=51), 24, 91, False
2024-04-17 11:20:03,143 - DEBUG - entering fence: StateBlock(line=24,level=2,tokens=51), 25, 91, True
2024-04-17 11:20:03,143 - DEBUG - entering blockquote: StateBlock(line=24,level=2,tokens=51), 25, 91, True
2024-04-17 11:20:03,143 - DEBUG - entering hr: StateBlock(line=24,level=2,tokens=51), 25, 91, True
2024-04-17 11:20:03,143 - DEBUG - entering list: StateBlock(line=24,level=2,tokens=51), 25, 91, True
2024-04-17 11:20:03,143 - DEBUG - entering paragraph: StateBlock(line=24,level=2,tokens=51), 24, 91, False
2024-04-17 11:20:03,143 - DEBUG - entering fence: StateBlock(line=24,level=2,tokens=51), 25, 91, True
2024-04-17 11:20:03,143 - DEBUG - entering blockquote: StateBlock(line=24,level=2,tokens=51), 25, 91, True
2024-04-17 11:20:03,143 - DEBUG - entering hr: StateBlock(line=24,level=2,tokens=51), 25, 91, True
2024-04-17 11:20:03,143 - DEBUG - entering list: StateBlock(line=24,level=2,tokens=51), 25, 91, True
2024-04-17 11:20:03,143 - DEBUG - entering fence: StateBlock(line=25,level=1,tokens=55), 25, 91, True
2024-04-17 11:20:03,143 - DEBUG - entering blockquote: StateBlock(line=25,level=1,tokens=55), 25, 91, True
2024-04-17 11:20:03,143 - DEBUG - entering hr: StateBlock(line=25,level=1,tokens=55), 25, 91, True
2024-04-17 11:20:03,143 - DEBUG - entering code: StateBlock(line=25,level=2,tokens=56), 25, 91, False
2024-04-17 11:20:03,143 - DEBUG - entering fence: StateBlock(line=25,level=2,tokens=56), 25, 91, False
2024-04-17 11:20:03,143 - DEBUG - entering blockquote: StateBlock(line=25,level=2,tokens=56), 25, 91, False
2024-04-17 11:20:03,143 - DEBUG - entering hr: StateBlock(line=25,level=2,tokens=56), 25, 91, False
2024-04-17 11:20:03,143 - DEBUG - entering list: StateBlock(line=25,level=2,tokens=56), 25, 91, False
2024-04-17 11:20:03,143 - DEBUG - entering reference: StateBlock(line=25,level=2,tokens=56), 25, 91, False
2024-04-17 11:20:03,143 - DEBUG - entering html_block: StateBlock(line=25,level=2,tokens=56), 25, 91, False
2024-04-17 11:20:03,143 - DEBUG - entering heading: StateBlock(line=25,level=2,tokens=56), 25, 91, False
2024-04-17 11:20:03,143 - DEBUG - entering lheading: StateBlock(line=25,level=2,tokens=56), 25, 91, False
2024-04-17 11:20:03,143 - DEBUG - entering fence: StateBlock(line=25,level=2,tokens=56), 26, 91, True
2024-04-17 11:20:03,143 - DEBUG - entering blockquote: StateBlock(line=25,level=2,tokens=56), 26, 91, True
2024-04-17 11:20:03,143 - DEBUG - entering hr: StateBlock(line=25,level=2,tokens=56), 26, 91, True
2024-04-17 11:20:03,144 - DEBUG - entering list: StateBlock(line=25,level=2,tokens=56), 26, 91, True
2024-04-17 11:20:03,144 - DEBUG - entering paragraph: StateBlock(line=25,level=2,tokens=56), 25, 91, False
2024-04-17 11:20:03,144 - DEBUG - entering fence: StateBlock(line=25,level=2,tokens=56), 26, 91, True
2024-04-17 11:20:03,144 - DEBUG - entering blockquote: StateBlock(line=25,level=2,tokens=56), 26, 91, True
2024-04-17 11:20:03,144 - DEBUG - entering hr: StateBlock(line=25,level=2,tokens=56), 26, 91, True
2024-04-17 11:20:03,144 - DEBUG - entering list: StateBlock(line=25,level=2,tokens=56), 26, 91, True
2024-04-17 11:20:03,144 - DEBUG - entering fence: StateBlock(line=26,level=1,tokens=60), 26, 91, True
2024-04-17 11:20:03,144 - DEBUG - entering blockquote: StateBlock(line=26,level=1,tokens=60), 26, 91, True
2024-04-17 11:20:03,144 - DEBUG - entering hr: StateBlock(line=26,level=1,tokens=60), 26, 91, True
2024-04-17 11:20:03,144 - DEBUG - entering code: StateBlock(line=26,level=2,tokens=61), 26, 91, False
2024-04-17 11:20:03,144 - DEBUG - entering fence: StateBlock(line=26,level=2,tokens=61), 26, 91, False
2024-04-17 11:20:03,144 - DEBUG - entering blockquote: StateBlock(line=26,level=2,tokens=61), 26, 91, False
2024-04-17 11:20:03,144 - DEBUG - entering hr: StateBlock(line=26,level=2,tokens=61), 26, 91, False
2024-04-17 11:20:03,144 - DEBUG - entering list: StateBlock(line=26,level=2,tokens=61), 26, 91, False
2024-04-17 11:20:03,144 - DEBUG - entering reference: StateBlock(line=26,level=2,tokens=61), 26, 91, False
2024-04-17 11:20:03,144 - DEBUG - entering html_block: StateBlock(line=26,level=2,tokens=61), 26, 91, False
2024-04-17 11:20:03,144 - DEBUG - entering heading: StateBlock(line=26,level=2,tokens=61), 26, 91, False
2024-04-17 11:20:03,144 - DEBUG - entering lheading: StateBlock(line=26,level=2,tokens=61), 26, 91, False
2024-04-17 11:20:03,144 - DEBUG - entering fence: StateBlock(line=26,level=2,tokens=61), 27, 91, True
2024-04-17 11:20:03,144 - DEBUG - entering blockquote: StateBlock(line=26,level=2,tokens=61), 27, 91, True
2024-04-17 11:20:03,144 - DEBUG - entering hr: StateBlock(line=26,level=2,tokens=61), 27, 91, True
2024-04-17 11:20:03,144 - DEBUG - entering list: StateBlock(line=26,level=2,tokens=61), 27, 91, True
2024-04-17 11:20:03,145 - DEBUG - entering paragraph: StateBlock(line=26,level=2,tokens=61), 26, 91, False
2024-04-17 11:20:03,145 - DEBUG - entering fence: StateBlock(line=26,level=2,tokens=61), 27, 91, True
2024-04-17 11:20:03,145 - DEBUG - entering blockquote: StateBlock(line=26,level=2,tokens=61), 27, 91, True
2024-04-17 11:20:03,145 - DEBUG - entering hr: StateBlock(line=26,level=2,tokens=61), 27, 91, True
2024-04-17 11:20:03,145 - DEBUG - entering list: StateBlock(line=26,level=2,tokens=61), 27, 91, True
2024-04-17 11:20:03,145 - DEBUG - entering fence: StateBlock(line=27,level=1,tokens=65), 27, 91, True
2024-04-17 11:20:03,145 - DEBUG - entering blockquote: StateBlock(line=27,level=1,tokens=65), 27, 91, True
2024-04-17 11:20:03,145 - DEBUG - entering hr: StateBlock(line=27,level=1,tokens=65), 27, 91, True
2024-04-17 11:20:03,145 - DEBUG - entering code: StateBlock(line=27,level=2,tokens=66), 27, 91, False
2024-04-17 11:20:03,145 - DEBUG - entering fence: StateBlock(line=27,level=2,tokens=66), 27, 91, False
2024-04-17 11:20:03,145 - DEBUG - entering blockquote: StateBlock(line=27,level=2,tokens=66), 27, 91, False
2024-04-17 11:20:03,145 - DEBUG - entering hr: StateBlock(line=27,level=2,tokens=66), 27, 91, False
2024-04-17 11:20:03,145 - DEBUG - entering list: StateBlock(line=27,level=2,tokens=66), 27, 91, False
2024-04-17 11:20:03,145 - DEBUG - entering reference: StateBlock(line=27,level=2,tokens=66), 27, 91, False
2024-04-17 11:20:03,145 - DEBUG - entering html_block: StateBlock(line=27,level=2,tokens=66), 27, 91, False
2024-04-17 11:20:03,145 - DEBUG - entering heading: StateBlock(line=27,level=2,tokens=66), 27, 91, False
2024-04-17 11:20:03,145 - DEBUG - entering lheading: StateBlock(line=27,level=2,tokens=66), 27, 91, False
2024-04-17 11:20:03,145 - DEBUG - entering paragraph: StateBlock(line=27,level=2,tokens=66), 27, 91, False
2024-04-17 11:20:03,146 - DEBUG - entering fence: StateBlock(line=29,level=1,tokens=70), 29, 91, True
2024-04-17 11:20:03,146 - DEBUG - entering blockquote: StateBlock(line=29,level=1,tokens=70), 29, 91, True
2024-04-17 11:20:03,146 - DEBUG - entering hr: StateBlock(line=29,level=1,tokens=70), 29, 91, True
2024-04-17 11:20:03,146 - DEBUG - entering code: StateBlock(line=29,level=0,tokens=71), 29, 91, False
2024-04-17 11:20:03,146 - DEBUG - entering fence: StateBlock(line=29,level=0,tokens=71), 29, 91, False
2024-04-17 11:20:03,146 - DEBUG - entering blockquote: StateBlock(line=29,level=0,tokens=71), 29, 91, False
2024-04-17 11:20:03,146 - DEBUG - entering hr: StateBlock(line=29,level=0,tokens=71), 29, 91, False
2024-04-17 11:20:03,146 - DEBUG - entering list: StateBlock(line=29,level=0,tokens=71), 29, 91, False
2024-04-17 11:20:03,146 - DEBUG - entering reference: StateBlock(line=29,level=0,tokens=71), 29, 91, False
2024-04-17 11:20:03,146 - DEBUG - entering html_block: StateBlock(line=29,level=0,tokens=71), 29, 91, False
2024-04-17 11:20:03,146 - DEBUG - entering heading: StateBlock(line=29,level=0,tokens=71), 29, 91, False
2024-04-17 11:20:03,146 - DEBUG - entering lheading: StateBlock(line=29,level=0,tokens=71), 29, 91, False
2024-04-17 11:20:03,146 - DEBUG - entering fence: StateBlock(line=29,level=0,tokens=71), 30, 91, True
2024-04-17 11:20:03,146 - DEBUG - entering blockquote: StateBlock(line=29,level=0,tokens=71), 30, 91, True
2024-04-17 11:20:03,146 - DEBUG - entering hr: StateBlock(line=29,level=0,tokens=71), 30, 91, True
2024-04-17 11:20:03,146 - DEBUG - entering list: StateBlock(line=29,level=0,tokens=71), 30, 91, True
2024-04-17 11:20:03,146 - DEBUG - entering html_block: StateBlock(line=29,level=0,tokens=71), 30, 91, True
2024-04-17 11:20:03,147 - DEBUG - entering heading: StateBlock(line=29,level=0,tokens=71), 30, 91, True
2024-04-17 11:20:03,147 - DEBUG - entering paragraph: StateBlock(line=29,level=0,tokens=71), 29, 91, False
2024-04-17 11:20:03,147 - DEBUG - entering fence: StateBlock(line=29,level=0,tokens=71), 30, 91, True
2024-04-17 11:20:03,147 - DEBUG - entering blockquote: StateBlock(line=29,level=0,tokens=71), 30, 91, True
2024-04-17 11:20:03,147 - DEBUG - entering hr: StateBlock(line=29,level=0,tokens=71), 30, 91, True
2024-04-17 11:20:03,147 - DEBUG - entering list: StateBlock(line=29,level=0,tokens=71), 30, 91, True
2024-04-17 11:20:03,147 - DEBUG - entering html_block: StateBlock(line=29,level=0,tokens=71), 30, 91, True
2024-04-17 11:20:03,147 - DEBUG - entering heading: StateBlock(line=29,level=0,tokens=71), 30, 91, True
2024-04-17 11:20:03,147 - DEBUG - entering code: StateBlock(line=30,level=0,tokens=74), 30, 91, False
2024-04-17 11:20:03,147 - DEBUG - entering fence: StateBlock(line=30,level=0,tokens=74), 30, 91, False
2024-04-17 11:20:03,147 - DEBUG - entering blockquote: StateBlock(line=30,level=0,tokens=74), 30, 91, False
2024-04-17 11:20:03,147 - DEBUG - entering hr: StateBlock(line=30,level=0,tokens=74), 30, 91, False
2024-04-17 11:20:03,147 - DEBUG - entering list: StateBlock(line=30,level=0,tokens=74), 30, 91, False
2024-04-17 11:20:03,147 - DEBUG - entering reference: StateBlock(line=30,level=0,tokens=74), 30, 91, False
2024-04-17 11:20:03,147 - DEBUG - entering html_block: StateBlock(line=30,level=0,tokens=74), 30, 91, False
2024-04-17 11:20:03,147 - DEBUG - entering heading: StateBlock(line=30,level=0,tokens=74), 30, 91, False
2024-04-17 11:20:03,147 - DEBUG - entering code: StateBlock(line=32,level=0,tokens=77), 32, 91, False
2024-04-17 11:20:03,147 - DEBUG - entering fence: StateBlock(line=32,level=0,tokens=77), 32, 91, False
2024-04-17 11:20:03,147 - DEBUG - entering blockquote: StateBlock(line=32,level=0,tokens=77), 32, 91, False
2024-04-17 11:20:03,147 - DEBUG - entering hr: StateBlock(line=32,level=0,tokens=77), 32, 91, False
2024-04-17 11:20:03,147 - DEBUG - entering list: StateBlock(line=32,level=0,tokens=77), 32, 91, False
2024-04-17 11:20:03,148 - DEBUG - entering reference: StateBlock(line=32,level=0,tokens=77), 32, 91, False
2024-04-17 11:20:03,148 - DEBUG - entering html_block: StateBlock(line=32,level=0,tokens=77), 32, 91, False
2024-04-17 11:20:03,148 - DEBUG - entering heading: StateBlock(line=32,level=0,tokens=77), 32, 91, False
2024-04-17 11:20:03,148 - DEBUG - entering code: StateBlock(line=34,level=0,tokens=80), 34, 91, False
2024-04-17 11:20:03,148 - DEBUG - entering fence: StateBlock(line=34,level=0,tokens=80), 34, 91, False
2024-04-17 11:20:03,148 - DEBUG - entering blockquote: StateBlock(line=34,level=0,tokens=80), 34, 91, False
2024-04-17 11:20:03,148 - DEBUG - entering hr: StateBlock(line=34,level=0,tokens=80), 34, 91, False
2024-04-17 11:20:03,148 - DEBUG - entering list: StateBlock(line=34,level=0,tokens=80), 34, 91, False
2024-04-17 11:20:03,148 - DEBUG - entering code: StateBlock(line=34,level=2,tokens=82), 34, 91, False
2024-04-17 11:20:03,148 - DEBUG - entering fence: StateBlock(line=34,level=2,tokens=82), 34, 91, False
2024-04-17 11:20:03,148 - DEBUG - entering blockquote: StateBlock(line=34,level=2,tokens=82), 34, 91, False
2024-04-17 11:20:03,148 - DEBUG - entering hr: StateBlock(line=34,level=2,tokens=82), 34, 91, False
2024-04-17 11:20:03,148 - DEBUG - entering list: StateBlock(line=34,level=2,tokens=82), 34, 91, False
2024-04-17 11:20:03,148 - DEBUG - entering reference: StateBlock(line=34,level=2,tokens=82), 34, 91, False
2024-04-17 11:20:03,148 - DEBUG - entering html_block: StateBlock(line=34,level=2,tokens=82), 34, 91, False
2024-04-17 11:20:03,148 - DEBUG - entering heading: StateBlock(line=34,level=2,tokens=82), 34, 91, False
2024-04-17 11:20:03,148 - DEBUG - entering lheading: StateBlock(line=34,level=2,tokens=82), 34, 91, False
2024-04-17 11:20:03,148 - DEBUG - entering fence: StateBlock(line=34,level=2,tokens=82), 35, 91, True
2024-04-17 11:20:03,148 - DEBUG - entering blockquote: StateBlock(line=34,level=2,tokens=82), 35, 91, True
2024-04-17 11:20:03,149 - DEBUG - entering hr: StateBlock(line=34,level=2,tokens=82), 35, 91, True
2024-04-17 11:20:03,149 - DEBUG - entering list: StateBlock(line=34,level=2,tokens=82), 35, 91, True
2024-04-17 11:20:03,149 - DEBUG - entering paragraph: StateBlock(line=34,level=2,tokens=82), 34, 91, False
2024-04-17 11:20:03,149 - DEBUG - entering fence: StateBlock(line=34,level=2,tokens=82), 35, 91, True
2024-04-17 11:20:03,149 - DEBUG - entering blockquote: StateBlock(line=34,level=2,tokens=82), 35, 91, True
2024-04-17 11:20:03,149 - DEBUG - entering hr: StateBlock(line=34,level=2,tokens=82), 35, 91, True
2024-04-17 11:20:03,149 - DEBUG - entering list: StateBlock(line=34,level=2,tokens=82), 35, 91, True
2024-04-17 11:20:03,149 - DEBUG - entering fence: StateBlock(line=35,level=1,tokens=86), 35, 91, True
2024-04-17 11:20:03,149 - DEBUG - entering blockquote: StateBlock(line=35,level=1,tokens=86), 35, 91, True
2024-04-17 11:20:03,149 - DEBUG - entering hr: StateBlock(line=35,level=1,tokens=86), 35, 91, True
2024-04-17 11:20:03,149 - DEBUG - entering code: StateBlock(line=35,level=2,tokens=87), 35, 91, False
2024-04-17 11:20:03,149 - DEBUG - entering fence: StateBlock(line=35,level=2,tokens=87), 35, 91, False
2024-04-17 11:20:03,149 - DEBUG - entering blockquote: StateBlock(line=35,level=2,tokens=87), 35, 91, False
2024-04-17 11:20:03,149 - DEBUG - entering hr: StateBlock(line=35,level=2,tokens=87), 35, 91, False
2024-04-17 11:20:03,149 - DEBUG - entering list: StateBlock(line=35,level=2,tokens=87), 35, 91, False
2024-04-17 11:20:03,149 - DEBUG - entering reference: StateBlock(line=35,level=2,tokens=87), 35, 91, False
2024-04-17 11:20:03,149 - DEBUG - entering html_block: StateBlock(line=35,level=2,tokens=87), 35, 91, False
2024-04-17 11:20:03,149 - DEBUG - entering heading: StateBlock(line=35,level=2,tokens=87), 35, 91, False
2024-04-17 11:20:03,149 - DEBUG - entering lheading: StateBlock(line=35,level=2,tokens=87), 35, 91, False
2024-04-17 11:20:03,149 - DEBUG - entering paragraph: StateBlock(line=35,level=2,tokens=87), 35, 91, False
2024-04-17 11:20:03,149 - DEBUG - entering fence: StateBlock(line=37,level=1,tokens=91), 37, 91, True
2024-04-17 11:20:03,149 - DEBUG - entering blockquote: StateBlock(line=37,level=1,tokens=91), 37, 91, True
2024-04-17 11:20:03,149 - DEBUG - entering hr: StateBlock(line=37,level=1,tokens=91), 37, 91, True
2024-04-17 11:20:03,149 - DEBUG - entering code: StateBlock(line=37,level=0,tokens=92), 37, 91, False
2024-04-17 11:20:03,149 - DEBUG - entering fence: StateBlock(line=37,level=0,tokens=92), 37, 91, False
2024-04-17 11:20:03,149 - DEBUG - entering blockquote: StateBlock(line=37,level=0,tokens=92), 37, 91, False
2024-04-17 11:20:03,150 - DEBUG - entering hr: StateBlock(line=37,level=0,tokens=92), 37, 91, False
2024-04-17 11:20:03,150 - DEBUG - entering list: StateBlock(line=37,level=0,tokens=92), 37, 91, False
2024-04-17 11:20:03,150 - DEBUG - entering reference: StateBlock(line=37,level=0,tokens=92), 37, 91, False
2024-04-17 11:20:03,150 - DEBUG - entering html_block: StateBlock(line=37,level=0,tokens=92), 37, 91, False
2024-04-17 11:20:03,150 - DEBUG - entering heading: StateBlock(line=37,level=0,tokens=92), 37, 91, False
2024-04-17 11:20:03,150 - DEBUG - entering code: StateBlock(line=38,level=0,tokens=95), 38, 91, False
2024-04-17 11:20:03,150 - DEBUG - entering fence: StateBlock(line=38,level=0,tokens=95), 38, 91, False
2024-04-17 11:20:03,150 - DEBUG - entering blockquote: StateBlock(line=38,level=0,tokens=95), 38, 91, False
2024-04-17 11:20:03,150 - DEBUG - entering hr: StateBlock(line=38,level=0,tokens=95), 38, 91, False
2024-04-17 11:20:03,150 - DEBUG - entering list: StateBlock(line=38,level=0,tokens=95), 38, 91, False
2024-04-17 11:20:03,150 - DEBUG - entering code: StateBlock(line=38,level=2,tokens=97), 38, 91, False
2024-04-17 11:20:03,150 - DEBUG - entering fence: StateBlock(line=38,level=2,tokens=97), 38, 91, False
2024-04-17 11:20:03,150 - DEBUG - entering blockquote: StateBlock(line=38,level=2,tokens=97), 38, 91, False
2024-04-17 11:20:03,150 - DEBUG - entering hr: StateBlock(line=38,level=2,tokens=97), 38, 91, False
2024-04-17 11:20:03,150 - DEBUG - entering list: StateBlock(line=38,level=2,tokens=97), 38, 91, False
2024-04-17 11:20:03,150 - DEBUG - entering reference: StateBlock(line=38,level=2,tokens=97), 38, 91, False
2024-04-17 11:20:03,150 - DEBUG - entering html_block: StateBlock(line=38,level=2,tokens=97), 38, 91, False
2024-04-17 11:20:03,150 - DEBUG - entering heading: StateBlock(line=38,level=2,tokens=97), 38, 91, False
2024-04-17 11:20:03,150 - DEBUG - entering lheading: StateBlock(line=38,level=2,tokens=97), 38, 91, False
2024-04-17 11:20:03,150 - DEBUG - entering fence: StateBlock(line=38,level=2,tokens=97), 39, 91, True
2024-04-17 11:20:03,150 - DEBUG - entering blockquote: StateBlock(line=38,level=2,tokens=97), 39, 91, True
2024-04-17 11:20:03,150 - DEBUG - entering hr: StateBlock(line=38,level=2,tokens=97), 39, 91, True
2024-04-17 11:20:03,150 - DEBUG - entering list: StateBlock(line=38,level=2,tokens=97), 39, 91, True
2024-04-17 11:20:03,150 - DEBUG - entering html_block: StateBlock(line=38,level=2,tokens=97), 39, 91, True
2024-04-17 11:20:03,150 - DEBUG - entering heading: StateBlock(line=38,level=2,tokens=97), 39, 91, True
2024-04-17 11:20:03,150 - DEBUG - entering paragraph: StateBlock(line=38,level=2,tokens=97), 38, 91, False
2024-04-17 11:20:03,150 - DEBUG - entering fence: StateBlock(line=38,level=2,tokens=97), 39, 91, True
2024-04-17 11:20:03,150 - DEBUG - entering blockquote: StateBlock(line=38,level=2,tokens=97), 39, 91, True
2024-04-17 11:20:03,150 - DEBUG - entering hr: StateBlock(line=38,level=2,tokens=97), 39, 91, True
2024-04-17 11:20:03,151 - DEBUG - entering list: StateBlock(line=38,level=2,tokens=97), 39, 91, True
2024-04-17 11:20:03,151 - DEBUG - entering html_block: StateBlock(line=38,level=2,tokens=97), 39, 91, True
2024-04-17 11:20:03,151 - DEBUG - entering heading: StateBlock(line=38,level=2,tokens=97), 39, 91, True
2024-04-17 11:20:03,151 - DEBUG - entering fence: StateBlock(line=41,level=1,tokens=101), 41, 91, True
2024-04-17 11:20:03,151 - DEBUG - entering blockquote: StateBlock(line=41,level=1,tokens=101), 41, 91, True
2024-04-17 11:20:03,151 - DEBUG - entering hr: StateBlock(line=41,level=1,tokens=101), 41, 91, True
2024-04-17 11:20:03,151 - DEBUG - entering code: StateBlock(line=41,level=2,tokens=102), 41, 91, False
2024-04-17 11:20:03,151 - DEBUG - entering fence: StateBlock(line=41,level=2,tokens=102), 41, 91, False
2024-04-17 11:20:03,151 - DEBUG - entering blockquote: StateBlock(line=41,level=2,tokens=102), 41, 91, False
2024-04-17 11:20:03,151 - DEBUG - entering hr: StateBlock(line=41,level=2,tokens=102), 41, 91, False
2024-04-17 11:20:03,151 - DEBUG - entering list: StateBlock(line=41,level=2,tokens=102), 41, 91, False
2024-04-17 11:20:03,151 - DEBUG - entering reference: StateBlock(line=41,level=2,tokens=102), 41, 91, False
2024-04-17 11:20:03,151 - DEBUG - entering html_block: StateBlock(line=41,level=2,tokens=102), 41, 91, False
2024-04-17 11:20:03,151 - DEBUG - entering heading: StateBlock(line=41,level=2,tokens=102), 41, 91, False
2024-04-17 11:20:03,151 - DEBUG - entering lheading: StateBlock(line=41,level=2,tokens=102), 41, 91, False
2024-04-17 11:20:03,151 - DEBUG - entering fence: StateBlock(line=41,level=2,tokens=102), 42, 91, True
2024-04-17 11:20:03,151 - DEBUG - entering blockquote: StateBlock(line=41,level=2,tokens=102), 42, 91, True
2024-04-17 11:20:03,151 - DEBUG - entering hr: StateBlock(line=41,level=2,tokens=102), 42, 91, True
2024-04-17 11:20:03,151 - DEBUG - entering list: StateBlock(line=41,level=2,tokens=102), 42, 91, True
2024-04-17 11:20:03,151 - DEBUG - entering html_block: StateBlock(line=41,level=2,tokens=102), 42, 91, True
2024-04-17 11:20:03,151 - DEBUG - entering heading: StateBlock(line=41,level=2,tokens=102), 42, 91, True
2024-04-17 11:20:03,151 - DEBUG - entering paragraph: StateBlock(line=41,level=2,tokens=102), 41, 91, False
2024-04-17 11:20:03,151 - DEBUG - entering fence: StateBlock(line=41,level=2,tokens=102), 42, 91, True
2024-04-17 11:20:03,151 - DEBUG - entering blockquote: StateBlock(line=41,level=2,tokens=102), 42, 91, True
2024-04-17 11:20:03,151 - DEBUG - entering hr: StateBlock(line=41,level=2,tokens=102), 42, 91, True
2024-04-17 11:20:03,151 - DEBUG - entering list: StateBlock(line=41,level=2,tokens=102), 42, 91, True
2024-04-17 11:20:03,151 - DEBUG - entering html_block: StateBlock(line=41,level=2,tokens=102), 42, 91, True
2024-04-17 11:20:03,151 - DEBUG - entering heading: StateBlock(line=41,level=2,tokens=102), 42, 91, True
2024-04-17 11:20:03,151 - DEBUG - entering fence: StateBlock(line=44,level=1,tokens=106), 44, 91, True
2024-04-17 11:20:03,151 - DEBUG - entering blockquote: StateBlock(line=44,level=1,tokens=106), 44, 91, True
2024-04-17 11:20:03,151 - DEBUG - entering hr: StateBlock(line=44,level=1,tokens=106), 44, 91, True
2024-04-17 11:20:03,151 - DEBUG - entering code: StateBlock(line=44,level=0,tokens=107), 44, 91, False
2024-04-17 11:20:03,151 - DEBUG - entering fence: StateBlock(line=44,level=0,tokens=107), 44, 91, False
2024-04-17 11:20:03,152 - DEBUG - entering blockquote: StateBlock(line=44,level=0,tokens=107), 44, 91, False
2024-04-17 11:20:03,152 - DEBUG - entering hr: StateBlock(line=44,level=0,tokens=107), 44, 91, False
2024-04-17 11:20:03,152 - DEBUG - entering list: StateBlock(line=44,level=0,tokens=107), 44, 91, False
2024-04-17 11:20:03,152 - DEBUG - entering reference: StateBlock(line=44,level=0,tokens=107), 44, 91, False
2024-04-17 11:20:03,152 - DEBUG - entering html_block: StateBlock(line=44,level=0,tokens=107), 44, 91, False
2024-04-17 11:20:03,152 - DEBUG - entering heading: StateBlock(line=44,level=0,tokens=107), 44, 91, False
2024-04-17 11:20:03,152 - DEBUG - entering lheading: StateBlock(line=44,level=0,tokens=107), 44, 91, False
2024-04-17 11:20:03,152 - DEBUG - entering fence: StateBlock(line=44,level=0,tokens=107), 45, 91, True
2024-04-17 11:20:03,152 - DEBUG - entering blockquote: StateBlock(line=44,level=0,tokens=107), 45, 91, True
2024-04-17 11:20:03,152 - DEBUG - entering hr: StateBlock(line=44,level=0,tokens=107), 45, 91, True
2024-04-17 11:20:03,153 - DEBUG - entering list: StateBlock(line=44,level=0,tokens=107), 45, 91, True
2024-04-17 11:20:03,153 - DEBUG - entering html_block: StateBlock(line=44,level=0,tokens=107), 45, 91, True
2024-04-17 11:20:03,153 - DEBUG - entering heading: StateBlock(line=44,level=0,tokens=107), 45, 91, True
2024-04-17 11:20:03,153 - DEBUG - entering paragraph: StateBlock(line=44,level=0,tokens=107), 44, 91, False
2024-04-17 11:20:03,153 - DEBUG - entering fence: StateBlock(line=44,level=0,tokens=107), 45, 91, True
2024-04-17 11:20:03,153 - DEBUG - entering blockquote: StateBlock(line=44,level=0,tokens=107), 45, 91, True
2024-04-17 11:20:03,153 - DEBUG - entering hr: StateBlock(line=44,level=0,tokens=107), 45, 91, True
2024-04-17 11:20:03,153 - DEBUG - entering list: StateBlock(line=44,level=0,tokens=107), 45, 91, True
2024-04-17 11:20:03,153 - DEBUG - entering html_block: StateBlock(line=44,level=0,tokens=107), 45, 91, True
2024-04-17 11:20:03,153 - DEBUG - entering heading: StateBlock(line=44,level=0,tokens=107), 45, 91, True
2024-04-17 11:20:03,153 - DEBUG - entering code: StateBlock(line=47,level=0,tokens=110), 47, 91, False
2024-04-17 11:20:03,153 - DEBUG - entering fence: StateBlock(line=47,level=0,tokens=110), 47, 91, False
2024-04-17 11:20:03,153 - DEBUG - entering blockquote: StateBlock(line=47,level=0,tokens=110), 47, 91, False
2024-04-17 11:20:03,153 - DEBUG - entering hr: StateBlock(line=47,level=0,tokens=110), 47, 91, False
2024-04-17 11:20:03,153 - DEBUG - entering list: StateBlock(line=47,level=0,tokens=110), 47, 91, False
2024-04-17 11:20:03,153 - DEBUG - entering reference: StateBlock(line=47,level=0,tokens=110), 47, 91, False
2024-04-17 11:20:03,153 - DEBUG - entering html_block: StateBlock(line=47,level=0,tokens=110), 47, 91, False
2024-04-17 11:20:03,154 - DEBUG - entering heading: StateBlock(line=47,level=0,tokens=110), 47, 91, False
2024-04-17 11:20:03,154 - DEBUG - entering lheading: StateBlock(line=47,level=0,tokens=110), 47, 91, False
2024-04-17 11:20:03,154 - DEBUG - entering fence: StateBlock(line=47,level=0,tokens=110), 48, 91, True
2024-04-17 11:20:03,154 - DEBUG - entering blockquote: StateBlock(line=47,level=0,tokens=110), 48, 91, True
2024-04-17 11:20:03,154 - DEBUG - entering hr: StateBlock(line=47,level=0,tokens=110), 48, 91, True
2024-04-17 11:20:03,154 - DEBUG - entering list: StateBlock(line=47,level=0,tokens=110), 48, 91, True
2024-04-17 11:20:03,154 - DEBUG - entering html_block: StateBlock(line=47,level=0,tokens=110), 48, 91, True
2024-04-17 11:20:03,154 - DEBUG - entering heading: StateBlock(line=47,level=0,tokens=110), 48, 91, True
2024-04-17 11:20:03,154 - DEBUG - entering paragraph: StateBlock(line=47,level=0,tokens=110), 47, 91, False
2024-04-17 11:20:03,154 - DEBUG - entering fence: StateBlock(line=47,level=0,tokens=110), 48, 91, True
2024-04-17 11:20:03,154 - DEBUG - entering blockquote: StateBlock(line=47,level=0,tokens=110), 48, 91, True
2024-04-17 11:20:03,154 - DEBUG - entering hr: StateBlock(line=47,level=0,tokens=110), 48, 91, True
2024-04-17 11:20:03,154 - DEBUG - entering list: StateBlock(line=47,level=0,tokens=110), 48, 91, True
2024-04-17 11:20:03,154 - DEBUG - entering html_block: StateBlock(line=47,level=0,tokens=110), 48, 91, True
2024-04-17 11:20:03,154 - DEBUG - entering heading: StateBlock(line=47,level=0,tokens=110), 48, 91, True
2024-04-17 11:20:03,154 - DEBUG - entering code: StateBlock(line=48,level=0,tokens=113), 48, 91, False
2024-04-17 11:20:03,154 - DEBUG - entering fence: StateBlock(line=48,level=0,tokens=113), 48, 91, False
2024-04-17 11:20:03,154 - DEBUG - entering blockquote: StateBlock(line=48,level=0,tokens=113), 48, 91, False
2024-04-17 11:20:03,155 - DEBUG - entering hr: StateBlock(line=48,level=0,tokens=113), 48, 91, False
2024-04-17 11:20:03,155 - DEBUG - entering list: StateBlock(line=48,level=0,tokens=113), 48, 91, False
2024-04-17 11:20:03,155 - DEBUG - entering reference: StateBlock(line=48,level=0,tokens=113), 48, 91, False
2024-04-17 11:20:03,155 - DEBUG - entering html_block: StateBlock(line=48,level=0,tokens=113), 48, 91, False
2024-04-17 11:20:03,155 - DEBUG - entering heading: StateBlock(line=48,level=0,tokens=113), 48, 91, False
2024-04-17 11:20:03,155 - DEBUG - entering code: StateBlock(line=50,level=0,tokens=116), 50, 91, False
2024-04-17 11:20:03,155 - DEBUG - entering fence: StateBlock(line=50,level=0,tokens=116), 50, 91, False
2024-04-17 11:20:03,155 - DEBUG - entering blockquote: StateBlock(line=50,level=0,tokens=116), 50, 91, False
2024-04-17 11:20:03,155 - DEBUG - entering hr: StateBlock(line=50,level=0,tokens=116), 50, 91, False
2024-04-17 11:20:03,155 - DEBUG - entering list: StateBlock(line=50,level=0,tokens=116), 50, 91, False
2024-04-17 11:20:03,155 - DEBUG - entering reference: StateBlock(line=50,level=0,tokens=116), 50, 91, False
2024-04-17 11:20:03,155 - DEBUG - entering html_block: StateBlock(line=50,level=0,tokens=116), 50, 91, False
2024-04-17 11:20:03,155 - DEBUG - entering heading: StateBlock(line=50,level=0,tokens=116), 50, 91, False
2024-04-17 11:20:03,155 - DEBUG - entering lheading: StateBlock(line=50,level=0,tokens=116), 50, 91, False
2024-04-17 11:20:03,155 - DEBUG - entering paragraph: StateBlock(line=50,level=0,tokens=116), 50, 91, False
2024-04-17 11:20:03,155 - DEBUG - entering code: StateBlock(line=52,level=0,tokens=119), 52, 91, False
2024-04-17 11:20:03,155 - DEBUG - entering fence: StateBlock(line=52,level=0,tokens=119), 52, 91, False
2024-04-17 11:20:03,155 - DEBUG - entering code: StateBlock(line=56,level=0,tokens=120), 56, 91, False
2024-04-17 11:20:03,155 - DEBUG - entering fence: StateBlock(line=56,level=0,tokens=120), 56, 91, False
2024-04-17 11:20:03,156 - DEBUG - entering blockquote: StateBlock(line=56,level=0,tokens=120), 56, 91, False
2024-04-17 11:20:03,156 - DEBUG - entering hr: StateBlock(line=56,level=0,tokens=120), 56, 91, False
2024-04-17 11:20:03,156 - DEBUG - entering list: StateBlock(line=56,level=0,tokens=120), 56, 91, False
2024-04-17 11:20:03,156 - DEBUG - entering reference: StateBlock(line=56,level=0,tokens=120), 56, 91, False
2024-04-17 11:20:03,156 - DEBUG - entering html_block: StateBlock(line=56,level=0,tokens=120), 56, 91, False
2024-04-17 11:20:03,156 - DEBUG - entering heading: StateBlock(line=56,level=0,tokens=120), 56, 91, False
2024-04-17 11:20:03,156 - DEBUG - entering lheading: StateBlock(line=56,level=0,tokens=120), 56, 91, False
2024-04-17 11:20:03,156 - DEBUG - entering paragraph: StateBlock(line=56,level=0,tokens=120), 56, 91, False
2024-04-17 11:20:03,156 - DEBUG - entering code: StateBlock(line=58,level=0,tokens=123), 58, 91, False
2024-04-17 11:20:03,156 - DEBUG - entering fence: StateBlock(line=58,level=0,tokens=123), 58, 91, False
2024-04-17 11:20:03,156 - DEBUG - entering code: StateBlock(line=62,level=0,tokens=124), 62, 91, False
2024-04-17 11:20:03,156 - DEBUG - entering fence: StateBlock(line=62,level=0,tokens=124), 62, 91, False
2024-04-17 11:20:03,156 - DEBUG - entering blockquote: StateBlock(line=62,level=0,tokens=124), 62, 91, False
2024-04-17 11:20:03,156 - DEBUG - entering hr: StateBlock(line=62,level=0,tokens=124), 62, 91, False
2024-04-17 11:20:03,156 - DEBUG - entering list: StateBlock(line=62,level=0,tokens=124), 62, 91, False
2024-04-17 11:20:03,156 - DEBUG - entering reference: StateBlock(line=62,level=0,tokens=124), 62, 91, False
2024-04-17 11:20:03,157 - DEBUG - entering html_block: StateBlock(line=62,level=0,tokens=124), 62, 91, False
2024-04-17 11:20:03,157 - DEBUG - entering heading: StateBlock(line=62,level=0,tokens=124), 62, 91, False
2024-04-17 11:20:03,157 - DEBUG - entering lheading: StateBlock(line=62,level=0,tokens=124), 62, 91, False
2024-04-17 11:20:03,157 - DEBUG - entering paragraph: StateBlock(line=62,level=0,tokens=124), 62, 91, False
2024-04-17 11:20:03,157 - DEBUG - entering code: StateBlock(line=64,level=0,tokens=127), 64, 91, False
2024-04-17 11:20:03,157 - DEBUG - entering fence: StateBlock(line=64,level=0,tokens=127), 64, 91, False
2024-04-17 11:20:03,157 - DEBUG - entering code: StateBlock(line=67,level=0,tokens=128), 67, 91, False
2024-04-17 11:20:03,157 - DEBUG - entering fence: StateBlock(line=67,level=0,tokens=128), 67, 91, False
2024-04-17 11:20:03,157 - DEBUG - entering code: StateBlock(line=71,level=0,tokens=129), 71, 91, False
2024-04-17 11:20:03,157 - DEBUG - entering fence: StateBlock(line=71,level=0,tokens=129), 71, 91, False
2024-04-17 11:20:03,157 - DEBUG - entering blockquote: StateBlock(line=71,level=0,tokens=129), 71, 91, False
2024-04-17 11:20:03,157 - DEBUG - entering hr: StateBlock(line=71,level=0,tokens=129), 71, 91, False
2024-04-17 11:20:03,157 - DEBUG - entering list: StateBlock(line=71,level=0,tokens=129), 71, 91, False
2024-04-17 11:20:03,157 - DEBUG - entering reference: StateBlock(line=71,level=0,tokens=129), 71, 91, False
2024-04-17 11:20:03,157 - DEBUG - entering html_block: StateBlock(line=71,level=0,tokens=129), 71, 91, False
2024-04-17 11:20:03,157 - DEBUG - entering heading: StateBlock(line=71,level=0,tokens=129), 71, 91, False
2024-04-17 11:20:03,158 - DEBUG - entering lheading: StateBlock(line=71,level=0,tokens=129), 71, 91, False
2024-04-17 11:20:03,158 - DEBUG - entering paragraph: StateBlock(line=71,level=0,tokens=129), 71, 91, False
2024-04-17 11:20:03,158 - DEBUG - entering code: StateBlock(line=73,level=0,tokens=132), 73, 91, False
2024-04-17 11:20:03,158 - DEBUG - entering fence: StateBlock(line=73,level=0,tokens=132), 73, 91, False
2024-04-17 11:20:03,158 - DEBUG - entering code: StateBlock(line=76,level=0,tokens=133), 76, 91, False
2024-04-17 11:20:03,158 - DEBUG - entering fence: StateBlock(line=76,level=0,tokens=133), 76, 91, False
2024-04-17 11:20:03,158 - DEBUG - entering blockquote: StateBlock(line=76,level=0,tokens=133), 76, 91, False
2024-04-17 11:20:03,158 - DEBUG - entering hr: StateBlock(line=76,level=0,tokens=133), 76, 91, False
2024-04-17 11:20:03,158 - DEBUG - entering list: StateBlock(line=76,level=0,tokens=133), 76, 91, False
2024-04-17 11:20:03,158 - DEBUG - entering reference: StateBlock(line=76,level=0,tokens=133), 76, 91, False
2024-04-17 11:20:03,158 - DEBUG - entering html_block: StateBlock(line=76,level=0,tokens=133), 76, 91, False
2024-04-17 11:20:03,158 - DEBUG - entering heading: StateBlock(line=76,level=0,tokens=133), 76, 91, False
2024-04-17 11:20:03,158 - DEBUG - entering lheading: StateBlock(line=76,level=0,tokens=133), 76, 91, False
2024-04-17 11:20:03,158 - DEBUG - entering fence: StateBlock(line=76,level=0,tokens=133), 77, 91, True
2024-04-17 11:20:03,158 - DEBUG - entering paragraph: StateBlock(line=76,level=0,tokens=133), 76, 91, False
2024-04-17 11:20:03,159 - DEBUG - entering fence: StateBlock(line=76,level=0,tokens=133), 77, 91, True
2024-04-17 11:20:03,159 - DEBUG - entering code: StateBlock(line=77,level=0,tokens=136), 77, 91, False
2024-04-17 11:20:03,159 - DEBUG - entering fence: StateBlock(line=77,level=0,tokens=136), 77, 91, False
2024-04-17 11:20:03,159 - DEBUG - entering code: StateBlock(line=84,level=0,tokens=137), 84, 91, False
2024-04-17 11:20:03,159 - DEBUG - entering fence: StateBlock(line=84,level=0,tokens=137), 84, 91, False
2024-04-17 11:20:03,159 - DEBUG - entering blockquote: StateBlock(line=84,level=0,tokens=137), 84, 91, False
2024-04-17 11:20:03,159 - DEBUG - entering hr: StateBlock(line=84,level=0,tokens=137), 84, 91, False
2024-04-17 11:20:03,159 - DEBUG - entering list: StateBlock(line=84,level=0,tokens=137), 84, 91, False
2024-04-17 11:20:03,159 - DEBUG - entering reference: StateBlock(line=84,level=0,tokens=137), 84, 91, False
2024-04-17 11:20:03,159 - DEBUG - entering html_block: StateBlock(line=84,level=0,tokens=137), 84, 91, False
2024-04-17 11:20:03,159 - DEBUG - entering heading: StateBlock(line=84,level=0,tokens=137), 84, 91, False
2024-04-17 11:20:03,159 - DEBUG - entering lheading: StateBlock(line=84,level=0,tokens=137), 84, 91, False
2024-04-17 11:20:03,159 - DEBUG - entering fence: StateBlock(line=84,level=0,tokens=137), 85, 91, True
2024-04-17 11:20:03,159 - DEBUG - entering blockquote: StateBlock(line=84,level=0,tokens=137), 85, 91, True
2024-04-17 11:20:03,159 - DEBUG - entering hr: StateBlock(line=84,level=0,tokens=137), 85, 91, True
2024-04-17 11:20:03,159 - DEBUG - entering list: StateBlock(line=84,level=0,tokens=137), 85, 91, True
2024-04-17 11:20:03,160 - DEBUG - entering html_block: StateBlock(line=84,level=0,tokens=137), 85, 91, True
2024-04-17 11:20:03,160 - DEBUG - entering heading: StateBlock(line=84,level=0,tokens=137), 85, 91, True
2024-04-17 11:20:03,160 - DEBUG - entering paragraph: StateBlock(line=84,level=0,tokens=137), 84, 91, False
2024-04-17 11:20:03,160 - DEBUG - entering fence: StateBlock(line=84,level=0,tokens=137), 85, 91, True
2024-04-17 11:20:03,160 - DEBUG - entering blockquote: StateBlock(line=84,level=0,tokens=137), 85, 91, True
2024-04-17 11:20:03,160 - DEBUG - entering hr: StateBlock(line=84,level=0,tokens=137), 85, 91, True
2024-04-17 11:20:03,160 - DEBUG - entering list: StateBlock(line=84,level=0,tokens=137), 85, 91, True
2024-04-17 11:20:03,160 - DEBUG - entering html_block: StateBlock(line=84,level=0,tokens=137), 85, 91, True
2024-04-17 11:20:03,160 - DEBUG - entering heading: StateBlock(line=84,level=0,tokens=137), 85, 91, True
2024-04-17 11:20:03,160 - DEBUG - entering code: StateBlock(line=85,level=0,tokens=140), 85, 91, False
2024-04-17 11:20:03,160 - DEBUG - entering fence: StateBlock(line=85,level=0,tokens=140), 85, 91, False
2024-04-17 11:20:03,160 - DEBUG - entering blockquote: StateBlock(line=85,level=0,tokens=140), 85, 91, False
2024-04-17 11:20:03,160 - DEBUG - entering hr: StateBlock(line=85,level=0,tokens=140), 85, 91, False
2024-04-17 11:20:03,161 - DEBUG - entering list: StateBlock(line=85,level=0,tokens=140), 85, 91, False
2024-04-17 11:20:03,161 - DEBUG - entering reference: StateBlock(line=85,level=0,tokens=140), 85, 91, False
2024-04-17 11:20:03,161 - DEBUG - entering html_block: StateBlock(line=85,level=0,tokens=140), 85, 91, False
2024-04-17 11:20:03,161 - DEBUG - entering heading: StateBlock(line=85,level=0,tokens=140), 85, 91, False
2024-04-17 11:20:03,161 - DEBUG - entering code: StateBlock(line=87,level=0,tokens=143), 87, 91, False
2024-04-17 11:20:03,161 - DEBUG - entering fence: StateBlock(line=87,level=0,tokens=143), 87, 91, False
2024-04-17 11:20:03,161 - DEBUG - entering blockquote: StateBlock(line=87,level=0,tokens=143), 87, 91, False
2024-04-17 11:20:03,161 - DEBUG - entering hr: StateBlock(line=87,level=0,tokens=143), 87, 91, False
2024-04-17 11:20:03,161 - DEBUG - entering list: StateBlock(line=87,level=0,tokens=143), 87, 91, False
2024-04-17 11:20:03,161 - DEBUG - entering reference: StateBlock(line=87,level=0,tokens=143), 87, 91, False
2024-04-17 11:20:03,161 - DEBUG - entering html_block: StateBlock(line=87,level=0,tokens=143), 87, 91, False
2024-04-17 11:20:03,161 - DEBUG - entering heading: StateBlock(line=87,level=0,tokens=143), 87, 91, False
2024-04-17 11:20:03,161 - DEBUG - entering lheading: StateBlock(line=87,level=0,tokens=143), 87, 91, False
2024-04-17 11:20:03,161 - DEBUG - entering paragraph: StateBlock(line=87,level=0,tokens=143), 87, 91, False
2024-04-17 11:20:03,161 - DEBUG - entering code: StateBlock(line=89,level=0,tokens=146), 89, 91, False
2024-04-17 11:20:03,161 - DEBUG - entering fence: StateBlock(line=89,level=0,tokens=146), 89, 91, False
2024-04-17 11:20:03,161 - DEBUG - entering blockquote: StateBlock(line=89,level=0,tokens=146), 89, 91, False
2024-04-17 11:20:03,161 - DEBUG - entering hr: StateBlock(line=89,level=0,tokens=146), 89, 91, False
2024-04-17 11:20:03,161 - DEBUG - entering list: StateBlock(line=89,level=0,tokens=146), 89, 91, False
2024-04-17 11:20:03,162 - DEBUG - entering reference: StateBlock(line=89,level=0,tokens=146), 89, 91, False
2024-04-17 11:20:03,162 - DEBUG - entering html_block: StateBlock(line=89,level=0,tokens=146), 89, 91, False
2024-04-17 11:20:03,162 - DEBUG - entering heading: StateBlock(line=89,level=0,tokens=146), 89, 91, False
2024-04-17 11:20:03,162 - DEBUG - entering lheading: StateBlock(line=89,level=0,tokens=146), 89, 91, False
2024-04-17 11:20:03,162 - DEBUG - entering paragraph: StateBlock(line=89,level=0,tokens=146), 89, 91, False
2024-04-17 11:20:03,168 - DEBUG - entering code: StateBlock(line=0,level=0,tokens=0), 0, 75, False
2024-04-17 11:20:03,168 - DEBUG - entering fence: StateBlock(line=0,level=0,tokens=0), 0, 75, False
2024-04-17 11:20:03,169 - DEBUG - entering blockquote: StateBlock(line=0,level=0,tokens=0), 0, 75, False
2024-04-17 11:20:03,169 - DEBUG - entering hr: StateBlock(line=0,level=0,tokens=0), 0, 75, False
2024-04-17 11:20:03,169 - DEBUG - entering list: StateBlock(line=0,level=0,tokens=0), 0, 75, False
2024-04-17 11:20:03,169 - DEBUG - entering reference: StateBlock(line=0,level=0,tokens=0), 0, 75, False
2024-04-17 11:20:03,169 - DEBUG - entering html_block: StateBlock(line=0,level=0,tokens=0), 0, 75, False
2024-04-17 11:20:03,169 - DEBUG - entering heading: StateBlock(line=0,level=0,tokens=0), 0, 75, False
2024-04-17 11:20:03,169 - DEBUG - entering code: StateBlock(line=1,level=0,tokens=3), 1, 75, False
2024-04-17 11:20:03,169 - DEBUG - entering fence: StateBlock(line=1,level=0,tokens=3), 1, 75, False
2024-04-17 11:20:03,169 - DEBUG - entering blockquote: StateBlock(line=1,level=0,tokens=3), 1, 75, False
2024-04-17 11:20:03,169 - DEBUG - entering hr: StateBlock(line=1,level=0,tokens=3), 1, 75, False
2024-04-17 11:20:03,169 - DEBUG - entering list: StateBlock(line=1,level=0,tokens=3), 1, 75, False
2024-04-17 11:20:03,169 - DEBUG - entering reference: StateBlock(line=1,level=0,tokens=3), 1, 75, False
2024-04-17 11:20:03,169 - DEBUG - entering html_block: StateBlock(line=1,level=0,tokens=3), 1, 75, False
2024-04-17 11:20:03,169 - DEBUG - entering heading: StateBlock(line=1,level=0,tokens=3), 1, 75, False
2024-04-17 11:20:03,169 - DEBUG - entering lheading: StateBlock(line=1,level=0,tokens=3), 1, 75, False
2024-04-17 11:20:03,169 - DEBUG - entering paragraph: StateBlock(line=1,level=0,tokens=3), 1, 75, False
2024-04-17 11:20:03,169 - DEBUG - entering code: StateBlock(line=3,level=0,tokens=6), 3, 75, False
2024-04-17 11:20:03,169 - DEBUG - entering fence: StateBlock(line=3,level=0,tokens=6), 3, 75, False
2024-04-17 11:20:03,169 - DEBUG - entering blockquote: StateBlock(line=3,level=0,tokens=6), 3, 75, False
2024-04-17 11:20:03,170 - DEBUG - entering hr: StateBlock(line=3,level=0,tokens=6), 3, 75, False
2024-04-17 11:20:03,170 - DEBUG - entering list: StateBlock(line=3,level=0,tokens=6), 3, 75, False
2024-04-17 11:20:03,170 - DEBUG - entering reference: StateBlock(line=3,level=0,tokens=6), 3, 75, False
2024-04-17 11:20:03,170 - DEBUG - entering html_block: StateBlock(line=3,level=0,tokens=6), 3, 75, False
2024-04-17 11:20:03,170 - DEBUG - entering heading: StateBlock(line=3,level=0,tokens=6), 3, 75, False
2024-04-17 11:20:03,170 - DEBUG - entering code: StateBlock(line=4,level=0,tokens=9), 4, 75, False
2024-04-17 11:20:03,170 - DEBUG - entering fence: StateBlock(line=4,level=0,tokens=9), 4, 75, False
2024-04-17 11:20:03,170 - DEBUG - entering blockquote: StateBlock(line=4,level=0,tokens=9), 4, 75, False
2024-04-17 11:20:03,170 - DEBUG - entering hr: StateBlock(line=4,level=0,tokens=9), 4, 75, False
2024-04-17 11:20:03,170 - DEBUG - entering list: StateBlock(line=4,level=0,tokens=9), 4, 75, False
2024-04-17 11:20:03,170 - DEBUG - entering code: StateBlock(line=4,level=2,tokens=11), 4, 75, False
2024-04-17 11:20:03,170 - DEBUG - entering fence: StateBlock(line=4,level=2,tokens=11), 4, 75, False
2024-04-17 11:20:03,170 - DEBUG - entering blockquote: StateBlock(line=4,level=2,tokens=11), 4, 75, False
2024-04-17 11:20:03,170 - DEBUG - entering hr: StateBlock(line=4,level=2,tokens=11), 4, 75, False
2024-04-17 11:20:03,170 - DEBUG - entering list: StateBlock(line=4,level=2,tokens=11), 4, 75, False
2024-04-17 11:20:03,170 - DEBUG - entering reference: StateBlock(line=4,level=2,tokens=11), 4, 75, False
2024-04-17 11:20:03,170 - DEBUG - entering html_block: StateBlock(line=4,level=2,tokens=11), 4, 75, False
2024-04-17 11:20:03,170 - DEBUG - entering heading: StateBlock(line=4,level=2,tokens=11), 4, 75, False
2024-04-17 11:20:03,170 - DEBUG - entering lheading: StateBlock(line=4,level=2,tokens=11), 4, 75, False
2024-04-17 11:20:03,170 - DEBUG - entering fence: StateBlock(line=4,level=2,tokens=11), 5, 75, True
2024-04-17 11:20:03,170 - DEBUG - entering blockquote: StateBlock(line=4,level=2,tokens=11), 5, 75, True
2024-04-17 11:20:03,170 - DEBUG - entering hr: StateBlock(line=4,level=2,tokens=11), 5, 75, True
2024-04-17 11:20:03,170 - DEBUG - entering list: StateBlock(line=4,level=2,tokens=11), 5, 75, True
2024-04-17 11:20:03,170 - DEBUG - entering paragraph: StateBlock(line=4,level=2,tokens=11), 4, 75, False
2024-04-17 11:20:03,170 - DEBUG - entering fence: StateBlock(line=4,level=2,tokens=11), 5, 75, True
2024-04-17 11:20:03,170 - DEBUG - entering blockquote: StateBlock(line=4,level=2,tokens=11), 5, 75, True
2024-04-17 11:20:03,170 - DEBUG - entering hr: StateBlock(line=4,level=2,tokens=11), 5, 75, True
2024-04-17 11:20:03,170 - DEBUG - entering list: StateBlock(line=4,level=2,tokens=11), 5, 75, True
2024-04-17 11:20:03,170 - DEBUG - entering fence: StateBlock(line=5,level=1,tokens=15), 5, 75, True
2024-04-17 11:20:03,170 - DEBUG - entering blockquote: StateBlock(line=5,level=1,tokens=15), 5, 75, True
2024-04-17 11:20:03,170 - DEBUG - entering hr: StateBlock(line=5,level=1,tokens=15), 5, 75, True
2024-04-17 11:20:03,170 - DEBUG - entering code: StateBlock(line=5,level=2,tokens=16), 5, 75, False
2024-04-17 11:20:03,170 - DEBUG - entering fence: StateBlock(line=5,level=2,tokens=16), 5, 75, False
2024-04-17 11:20:03,171 - DEBUG - entering blockquote: StateBlock(line=5,level=2,tokens=16), 5, 75, False
2024-04-17 11:20:03,171 - DEBUG - entering hr: StateBlock(line=5,level=2,tokens=16), 5, 75, False
2024-04-17 11:20:03,171 - DEBUG - entering list: StateBlock(line=5,level=2,tokens=16), 5, 75, False
2024-04-17 11:20:03,171 - DEBUG - entering reference: StateBlock(line=5,level=2,tokens=16), 5, 75, False
2024-04-17 11:20:03,171 - DEBUG - entering html_block: StateBlock(line=5,level=2,tokens=16), 5, 75, False
2024-04-17 11:20:03,171 - DEBUG - entering heading: StateBlock(line=5,level=2,tokens=16), 5, 75, False
2024-04-17 11:20:03,171 - DEBUG - entering lheading: StateBlock(line=5,level=2,tokens=16), 5, 75, False
2024-04-17 11:20:03,171 - DEBUG - entering fence: StateBlock(line=5,level=2,tokens=16), 6, 75, True
2024-04-17 11:20:03,171 - DEBUG - entering paragraph: StateBlock(line=5,level=2,tokens=16), 5, 75, False
2024-04-17 11:20:03,171 - DEBUG - entering fence: StateBlock(line=5,level=2,tokens=16), 6, 75, True
2024-04-17 11:20:03,171 - DEBUG - entering code: StateBlock(line=6,level=2,tokens=19), 6, 75, False
2024-04-17 11:20:03,171 - DEBUG - entering fence: StateBlock(line=6,level=2,tokens=19), 6, 75, False
2024-04-17 11:20:03,171 - DEBUG - entering code: StateBlock(line=9,level=2,tokens=20), 9, 75, False
2024-04-17 11:20:03,171 - DEBUG - entering fence: StateBlock(line=9,level=2,tokens=20), 9, 75, False
2024-04-17 11:20:03,171 - DEBUG - entering blockquote: StateBlock(line=9,level=2,tokens=20), 9, 75, False
2024-04-17 11:20:03,171 - DEBUG - entering hr: StateBlock(line=9,level=2,tokens=20), 9, 75, False
2024-04-17 11:20:03,171 - DEBUG - entering list: StateBlock(line=9,level=2,tokens=20), 9, 75, False
2024-04-17 11:20:03,171 - DEBUG - entering reference: StateBlock(line=9,level=2,tokens=20), 9, 75, False
2024-04-17 11:20:03,171 - DEBUG - entering html_block: StateBlock(line=9,level=2,tokens=20), 9, 75, False
2024-04-17 11:20:03,171 - DEBUG - entering heading: StateBlock(line=9,level=2,tokens=20), 9, 75, False
2024-04-17 11:20:03,171 - DEBUG - entering lheading: StateBlock(line=9,level=2,tokens=20), 9, 75, False
2024-04-17 11:20:03,171 - DEBUG - entering fence: StateBlock(line=9,level=2,tokens=20), 10, 75, True
2024-04-17 11:20:03,171 - DEBUG - entering blockquote: StateBlock(line=9,level=2,tokens=20), 10, 75, True
2024-04-17 11:20:03,171 - DEBUG - entering hr: StateBlock(line=9,level=2,tokens=20), 10, 75, True
2024-04-17 11:20:03,171 - DEBUG - entering list: StateBlock(line=9,level=2,tokens=20), 10, 75, True
2024-04-17 11:20:03,171 - DEBUG - entering paragraph: StateBlock(line=9,level=2,tokens=20), 9, 75, False
2024-04-17 11:20:03,171 - DEBUG - entering fence: StateBlock(line=9,level=2,tokens=20), 10, 75, True
2024-04-17 11:20:03,171 - DEBUG - entering blockquote: StateBlock(line=9,level=2,tokens=20), 10, 75, True
2024-04-17 11:20:03,171 - DEBUG - entering hr: StateBlock(line=9,level=2,tokens=20), 10, 75, True
2024-04-17 11:20:03,171 - DEBUG - entering list: StateBlock(line=9,level=2,tokens=20), 10, 75, True
2024-04-17 11:20:03,171 - DEBUG - entering fence: StateBlock(line=10,level=1,tokens=24), 10, 75, True
2024-04-17 11:20:03,171 - DEBUG - entering blockquote: StateBlock(line=10,level=1,tokens=24), 10, 75, True
2024-04-17 11:20:03,171 - DEBUG - entering hr: StateBlock(line=10,level=1,tokens=24), 10, 75, True
2024-04-17 11:20:03,171 - DEBUG - entering code: StateBlock(line=10,level=2,tokens=25), 10, 75, False
2024-04-17 11:20:03,172 - DEBUG - entering fence: StateBlock(line=10,level=2,tokens=25), 10, 75, False
2024-04-17 11:20:03,172 - DEBUG - entering blockquote: StateBlock(line=10,level=2,tokens=25), 10, 75, False
2024-04-17 11:20:03,172 - DEBUG - entering hr: StateBlock(line=10,level=2,tokens=25), 10, 75, False
2024-04-17 11:20:03,172 - DEBUG - entering list: StateBlock(line=10,level=2,tokens=25), 10, 75, False
2024-04-17 11:20:03,172 - DEBUG - entering reference: StateBlock(line=10,level=2,tokens=25), 10, 75, False
2024-04-17 11:20:03,172 - DEBUG - entering html_block: StateBlock(line=10,level=2,tokens=25), 10, 75, False
2024-04-17 11:20:03,172 - DEBUG - entering heading: StateBlock(line=10,level=2,tokens=25), 10, 75, False
2024-04-17 11:20:03,172 - DEBUG - entering lheading: StateBlock(line=10,level=2,tokens=25), 10, 75, False
2024-04-17 11:20:03,172 - DEBUG - entering fence: StateBlock(line=10,level=2,tokens=25), 11, 75, True
2024-04-17 11:20:03,172 - DEBUG - entering paragraph: StateBlock(line=10,level=2,tokens=25), 10, 75, False
2024-04-17 11:20:03,172 - DEBUG - entering fence: StateBlock(line=10,level=2,tokens=25), 11, 75, True
2024-04-17 11:20:03,172 - DEBUG - entering code: StateBlock(line=11,level=2,tokens=28), 11, 75, False
2024-04-17 11:20:03,172 - DEBUG - entering fence: StateBlock(line=11,level=2,tokens=28), 11, 75, False
2024-04-17 11:20:03,172 - DEBUG - entering code: StateBlock(line=14,level=2,tokens=29), 14, 75, False
2024-04-17 11:20:03,172 - DEBUG - entering fence: StateBlock(line=14,level=2,tokens=29), 14, 75, False
2024-04-17 11:20:03,172 - DEBUG - entering blockquote: StateBlock(line=14,level=2,tokens=29), 14, 75, False
2024-04-17 11:20:03,172 - DEBUG - entering hr: StateBlock(line=14,level=2,tokens=29), 14, 75, False
2024-04-17 11:20:03,172 - DEBUG - entering list: StateBlock(line=14,level=2,tokens=29), 14, 75, False
2024-04-17 11:20:03,172 - DEBUG - entering reference: StateBlock(line=14,level=2,tokens=29), 14, 75, False
2024-04-17 11:20:03,172 - DEBUG - entering html_block: StateBlock(line=14,level=2,tokens=29), 14, 75, False
2024-04-17 11:20:03,172 - DEBUG - entering heading: StateBlock(line=14,level=2,tokens=29), 14, 75, False
2024-04-17 11:20:03,172 - DEBUG - entering lheading: StateBlock(line=14,level=2,tokens=29), 14, 75, False
2024-04-17 11:20:03,172 - DEBUG - entering fence: StateBlock(line=14,level=2,tokens=29), 15, 75, True
2024-04-17 11:20:03,172 - DEBUG - entering blockquote: StateBlock(line=14,level=2,tokens=29), 15, 75, True
2024-04-17 11:20:03,172 - DEBUG - entering hr: StateBlock(line=14,level=2,tokens=29), 15, 75, True
2024-04-17 11:20:03,172 - DEBUG - entering list: StateBlock(line=14,level=2,tokens=29), 15, 75, True
2024-04-17 11:20:03,172 - DEBUG - entering paragraph: StateBlock(line=14,level=2,tokens=29), 14, 75, False
2024-04-17 11:20:03,172 - DEBUG - entering fence: StateBlock(line=14,level=2,tokens=29), 15, 75, True
2024-04-17 11:20:03,172 - DEBUG - entering blockquote: StateBlock(line=14,level=2,tokens=29), 15, 75, True
2024-04-17 11:20:03,172 - DEBUG - entering hr: StateBlock(line=14,level=2,tokens=29), 15, 75, True
2024-04-17 11:20:03,172 - DEBUG - entering list: StateBlock(line=14,level=2,tokens=29), 15, 75, True
2024-04-17 11:20:03,172 - DEBUG - entering fence: StateBlock(line=15,level=1,tokens=33), 15, 75, True
2024-04-17 11:20:03,172 - DEBUG - entering blockquote: StateBlock(line=15,level=1,tokens=33), 15, 75, True
2024-04-17 11:20:03,172 - DEBUG - entering hr: StateBlock(line=15,level=1,tokens=33), 15, 75, True
2024-04-17 11:20:03,173 - DEBUG - entering code: StateBlock(line=15,level=2,tokens=34), 15, 75, False
2024-04-17 11:20:03,173 - DEBUG - entering fence: StateBlock(line=15,level=2,tokens=34), 15, 75, False
2024-04-17 11:20:03,173 - DEBUG - entering blockquote: StateBlock(line=15,level=2,tokens=34), 15, 75, False
2024-04-17 11:20:03,173 - DEBUG - entering hr: StateBlock(line=15,level=2,tokens=34), 15, 75, False
2024-04-17 11:20:03,173 - DEBUG - entering list: StateBlock(line=15,level=2,tokens=34), 15, 75, False
2024-04-17 11:20:03,173 - DEBUG - entering reference: StateBlock(line=15,level=2,tokens=34), 15, 75, False
2024-04-17 11:20:03,173 - DEBUG - entering html_block: StateBlock(line=15,level=2,tokens=34), 15, 75, False
2024-04-17 11:20:03,173 - DEBUG - entering heading: StateBlock(line=15,level=2,tokens=34), 15, 75, False
2024-04-17 11:20:03,173 - DEBUG - entering lheading: StateBlock(line=15,level=2,tokens=34), 15, 75, False
2024-04-17 11:20:03,173 - DEBUG - entering fence: StateBlock(line=15,level=2,tokens=34), 16, 75, True
2024-04-17 11:20:03,173 - DEBUG - entering paragraph: StateBlock(line=15,level=2,tokens=34), 15, 75, False
2024-04-17 11:20:03,173 - DEBUG - entering fence: StateBlock(line=15,level=2,tokens=34), 16, 75, True
2024-04-17 11:20:03,173 - DEBUG - entering code: StateBlock(line=16,level=2,tokens=37), 16, 75, False
2024-04-17 11:20:03,173 - DEBUG - entering fence: StateBlock(line=16,level=2,tokens=37), 16, 75, False
2024-04-17 11:20:03,173 - DEBUG - entering code: StateBlock(line=22,level=2,tokens=38), 22, 75, False
2024-04-17 11:20:03,173 - DEBUG - entering fence: StateBlock(line=22,level=2,tokens=38), 22, 75, False
2024-04-17 11:20:03,173 - DEBUG - entering blockquote: StateBlock(line=22,level=2,tokens=38), 22, 75, False
2024-04-17 11:20:03,173 - DEBUG - entering hr: StateBlock(line=22,level=2,tokens=38), 22, 75, False
2024-04-17 11:20:03,173 - DEBUG - entering list: StateBlock(line=22,level=2,tokens=38), 22, 75, False
2024-04-17 11:20:03,173 - DEBUG - entering reference: StateBlock(line=22,level=2,tokens=38), 22, 75, False
2024-04-17 11:20:03,173 - DEBUG - entering html_block: StateBlock(line=22,level=2,tokens=38), 22, 75, False
2024-04-17 11:20:03,173 - DEBUG - entering heading: StateBlock(line=22,level=2,tokens=38), 22, 75, False
2024-04-17 11:20:03,173 - DEBUG - entering lheading: StateBlock(line=22,level=2,tokens=38), 22, 75, False
2024-04-17 11:20:03,173 - DEBUG - entering paragraph: StateBlock(line=22,level=2,tokens=38), 22, 75, False
2024-04-17 11:20:03,173 - DEBUG - entering fence: StateBlock(line=24,level=1,tokens=42), 24, 75, True
2024-04-17 11:20:03,173 - DEBUG - entering blockquote: StateBlock(line=24,level=1,tokens=42), 24, 75, True
2024-04-17 11:20:03,173 - DEBUG - entering hr: StateBlock(line=24,level=1,tokens=42), 24, 75, True
2024-04-17 11:20:03,173 - DEBUG - entering code: StateBlock(line=24,level=2,tokens=43), 24, 75, False
2024-04-17 11:20:03,173 - DEBUG - entering fence: StateBlock(line=24,level=2,tokens=43), 24, 75, False
2024-04-17 11:20:03,173 - DEBUG - entering blockquote: StateBlock(line=24,level=2,tokens=43), 24, 75, False
2024-04-17 11:20:03,173 - DEBUG - entering hr: StateBlock(line=24,level=2,tokens=43), 24, 75, False
2024-04-17 11:20:03,173 - DEBUG - entering list: StateBlock(line=24,level=2,tokens=43), 24, 75, False
2024-04-17 11:20:03,173 - DEBUG - entering reference: StateBlock(line=24,level=2,tokens=43), 24, 75, False
2024-04-17 11:20:03,173 - DEBUG - entering html_block: StateBlock(line=24,level=2,tokens=43), 24, 75, False
2024-04-17 11:20:03,173 - DEBUG - entering heading: StateBlock(line=24,level=2,tokens=43), 24, 75, False
2024-04-17 11:20:03,174 - DEBUG - entering lheading: StateBlock(line=24,level=2,tokens=43), 24, 75, False
2024-04-17 11:20:03,174 - DEBUG - entering fence: StateBlock(line=24,level=2,tokens=43), 25, 75, True
2024-04-17 11:20:03,174 - DEBUG - entering paragraph: StateBlock(line=24,level=2,tokens=43), 24, 75, False
2024-04-17 11:20:03,174 - DEBUG - entering fence: StateBlock(line=24,level=2,tokens=43), 25, 75, True
2024-04-17 11:20:03,174 - DEBUG - entering code: StateBlock(line=25,level=2,tokens=46), 25, 75, False
2024-04-17 11:20:03,174 - DEBUG - entering fence: StateBlock(line=25,level=2,tokens=46), 25, 75, False
2024-04-17 11:20:03,174 - DEBUG - entering fence: StateBlock(line=31,level=1,tokens=48), 31, 75, True
2024-04-17 11:20:03,174 - DEBUG - entering blockquote: StateBlock(line=31,level=1,tokens=48), 31, 75, True
2024-04-17 11:20:03,174 - DEBUG - entering hr: StateBlock(line=31,level=1,tokens=48), 31, 75, True
2024-04-17 11:20:03,174 - DEBUG - entering code: StateBlock(line=31,level=2,tokens=49), 31, 75, False
2024-04-17 11:20:03,174 - DEBUG - entering fence: StateBlock(line=31,level=2,tokens=49), 31, 75, False
2024-04-17 11:20:03,174 - DEBUG - entering blockquote: StateBlock(line=31,level=2,tokens=49), 31, 75, False
2024-04-17 11:20:03,174 - DEBUG - entering hr: StateBlock(line=31,level=2,tokens=49), 31, 75, False
2024-04-17 11:20:03,174 - DEBUG - entering list: StateBlock(line=31,level=2,tokens=49), 31, 75, False
2024-04-17 11:20:03,174 - DEBUG - entering reference: StateBlock(line=31,level=2,tokens=49), 31, 75, False
2024-04-17 11:20:03,174 - DEBUG - entering html_block: StateBlock(line=31,level=2,tokens=49), 31, 75, False
2024-04-17 11:20:03,174 - DEBUG - entering heading: StateBlock(line=31,level=2,tokens=49), 31, 75, False
2024-04-17 11:20:03,174 - DEBUG - entering lheading: StateBlock(line=31,level=2,tokens=49), 31, 75, False
2024-04-17 11:20:03,174 - DEBUG - entering fence: StateBlock(line=31,level=2,tokens=49), 32, 75, True
2024-04-17 11:20:03,174 - DEBUG - entering paragraph: StateBlock(line=31,level=2,tokens=49), 31, 75, False
2024-04-17 11:20:03,174 - DEBUG - entering fence: StateBlock(line=31,level=2,tokens=49), 32, 75, True
2024-04-17 11:20:03,174 - DEBUG - entering code: StateBlock(line=32,level=2,tokens=52), 32, 75, False
2024-04-17 11:20:03,174 - DEBUG - entering fence: StateBlock(line=32,level=2,tokens=52), 32, 75, False
2024-04-17 11:20:03,174 - DEBUG - entering fence: StateBlock(line=40,level=1,tokens=54), 40, 75, True
2024-04-17 11:20:03,174 - DEBUG - entering blockquote: StateBlock(line=40,level=1,tokens=54), 40, 75, True
2024-04-17 11:20:03,174 - DEBUG - entering hr: StateBlock(line=40,level=1,tokens=54), 40, 75, True
2024-04-17 11:20:03,174 - DEBUG - entering code: StateBlock(line=40,level=2,tokens=55), 40, 75, False
2024-04-17 11:20:03,174 - DEBUG - entering fence: StateBlock(line=40,level=2,tokens=55), 40, 75, False
2024-04-17 11:20:03,174 - DEBUG - entering blockquote: StateBlock(line=40,level=2,tokens=55), 40, 75, False
2024-04-17 11:20:03,174 - DEBUG - entering hr: StateBlock(line=40,level=2,tokens=55), 40, 75, False
2024-04-17 11:20:03,174 - DEBUG - entering list: StateBlock(line=40,level=2,tokens=55), 40, 75, False
2024-04-17 11:20:03,174 - DEBUG - entering reference: StateBlock(line=40,level=2,tokens=55), 40, 75, False
2024-04-17 11:20:03,174 - DEBUG - entering html_block: StateBlock(line=40,level=2,tokens=55), 40, 75, False
2024-04-17 11:20:03,174 - DEBUG - entering heading: StateBlock(line=40,level=2,tokens=55), 40, 75, False
2024-04-17 11:20:03,175 - DEBUG - entering lheading: StateBlock(line=40,level=2,tokens=55), 40, 75, False
2024-04-17 11:20:03,175 - DEBUG - entering fence: StateBlock(line=40,level=2,tokens=55), 41, 75, True
2024-04-17 11:20:03,175 - DEBUG - entering paragraph: StateBlock(line=40,level=2,tokens=55), 40, 75, False
2024-04-17 11:20:03,175 - DEBUG - entering fence: StateBlock(line=40,level=2,tokens=55), 41, 75, True
2024-04-17 11:20:03,175 - DEBUG - entering code: StateBlock(line=41,level=2,tokens=58), 41, 75, False
2024-04-17 11:20:03,175 - DEBUG - entering fence: StateBlock(line=41,level=2,tokens=58), 41, 75, False
2024-04-17 11:20:03,175 - DEBUG - entering fence: StateBlock(line=45,level=1,tokens=60), 45, 75, True
2024-04-17 11:20:03,175 - DEBUG - entering blockquote: StateBlock(line=45,level=1,tokens=60), 45, 75, True
2024-04-17 11:20:03,175 - DEBUG - entering hr: StateBlock(line=45,level=1,tokens=60), 45, 75, True
2024-04-17 11:20:03,175 - DEBUG - entering code: StateBlock(line=45,level=0,tokens=61), 45, 75, False
2024-04-17 11:20:03,175 - DEBUG - entering fence: StateBlock(line=45,level=0,tokens=61), 45, 75, False
2024-04-17 11:20:03,175 - DEBUG - entering blockquote: StateBlock(line=45,level=0,tokens=61), 45, 75, False
2024-04-17 11:20:03,175 - DEBUG - entering hr: StateBlock(line=45,level=0,tokens=61), 45, 75, False
2024-04-17 11:20:03,175 - DEBUG - entering list: StateBlock(line=45,level=0,tokens=61), 45, 75, False
2024-04-17 11:20:03,175 - DEBUG - entering reference: StateBlock(line=45,level=0,tokens=61), 45, 75, False
2024-04-17 11:20:03,175 - DEBUG - entering html_block: StateBlock(line=45,level=0,tokens=61), 45, 75, False
2024-04-17 11:20:03,175 - DEBUG - entering heading: StateBlock(line=45,level=0,tokens=61), 45, 75, False
2024-04-17 11:20:03,175 - DEBUG - entering code: StateBlock(line=47,level=0,tokens=64), 47, 75, False
2024-04-17 11:20:03,175 - DEBUG - entering fence: StateBlock(line=47,level=0,tokens=64), 47, 75, False
2024-04-17 11:20:03,175 - DEBUG - entering code: StateBlock(line=68,level=0,tokens=65), 68, 75, False
2024-04-17 11:20:03,175 - DEBUG - entering fence: StateBlock(line=68,level=0,tokens=65), 68, 75, False
2024-04-17 11:20:03,175 - DEBUG - entering blockquote: StateBlock(line=68,level=0,tokens=65), 68, 75, False
2024-04-17 11:20:03,175 - DEBUG - entering hr: StateBlock(line=68,level=0,tokens=65), 68, 75, False
2024-04-17 11:20:03,175 - DEBUG - entering list: StateBlock(line=68,level=0,tokens=65), 68, 75, False
2024-04-17 11:20:03,175 - DEBUG - entering reference: StateBlock(line=68,level=0,tokens=65), 68, 75, False
2024-04-17 11:20:03,175 - DEBUG - entering html_block: StateBlock(line=68,level=0,tokens=65), 68, 75, False
2024-04-17 11:20:03,175 - DEBUG - entering heading: StateBlock(line=68,level=0,tokens=65), 68, 75, False
2024-04-17 11:20:03,175 - DEBUG - entering lheading: StateBlock(line=68,level=0,tokens=65), 68, 75, False
2024-04-17 11:20:03,175 - DEBUG - entering paragraph: StateBlock(line=68,level=0,tokens=65), 68, 75, False
2024-04-17 11:20:03,175 - DEBUG - entering code: StateBlock(line=70,level=0,tokens=68), 70, 75, False
2024-04-17 11:20:03,175 - DEBUG - entering fence: StateBlock(line=70,level=0,tokens=68), 70, 75, False
2024-04-17 11:20:03,175 - DEBUG - entering blockquote: StateBlock(line=70,level=0,tokens=68), 70, 75, False
2024-04-17 11:20:03,176 - DEBUG - entering hr: StateBlock(line=70,level=0,tokens=68), 70, 75, False
2024-04-17 11:20:03,176 - DEBUG - entering list: StateBlock(line=70,level=0,tokens=68), 70, 75, False
2024-04-17 11:20:03,176 - DEBUG - entering reference: StateBlock(line=70,level=0,tokens=68), 70, 75, False
2024-04-17 11:20:03,176 - DEBUG - entering html_block: StateBlock(line=70,level=0,tokens=68), 70, 75, False
2024-04-17 11:20:03,176 - DEBUG - entering heading: StateBlock(line=70,level=0,tokens=68), 70, 75, False
2024-04-17 11:20:03,176 - DEBUG - entering code: StateBlock(line=71,level=0,tokens=71), 71, 75, False
2024-04-17 11:20:03,180 - DEBUG - entering code: StateBlock(line=0,level=0,tokens=0), 0, 3, False
2024-04-17 11:20:03,180 - DEBUG - entering fence: StateBlock(line=0,level=0,tokens=0), 0, 3, False
2024-04-17 11:20:03,180 - DEBUG - entering blockquote: StateBlock(line=0,level=0,tokens=0), 0, 3, False
2024-04-17 11:20:03,180 - DEBUG - entering hr: StateBlock(line=0,level=0,tokens=0), 0, 3, False
2024-04-17 11:20:03,180 - DEBUG - entering list: StateBlock(line=0,level=0,tokens=0), 0, 3, False
2024-04-17 11:20:03,180 - DEBUG - entering reference: StateBlock(line=0,level=0,tokens=0), 0, 3, False
2024-04-17 11:20:03,180 - DEBUG - entering html_block: StateBlock(line=0,level=0,tokens=0), 0, 3, False
2024-04-17 11:20:03,180 - DEBUG - entering heading: StateBlock(line=0,level=0,tokens=0), 0, 3, False
2024-04-17 11:20:03,180 - DEBUG - entering code: StateBlock(line=1,level=0,tokens=3), 1, 3, False
2024-04-17 11:20:03,180 - DEBUG - entering fence: StateBlock(line=1,level=0,tokens=3), 1, 3, False
2024-04-17 11:20:03,180 - DEBUG - entering blockquote: StateBlock(line=1,level=0,tokens=3), 1, 3, False
2024-04-17 11:20:03,180 - DEBUG - entering hr: StateBlock(line=1,level=0,tokens=3), 1, 3, False
2024-04-17 11:20:03,180 - DEBUG - entering list: StateBlock(line=1,level=0,tokens=3), 1, 3, False
2024-04-17 11:20:03,180 - DEBUG - entering reference: StateBlock(line=1,level=0,tokens=3), 1, 3, False
2024-04-17 11:20:03,180 - DEBUG - entering html_block: StateBlock(line=1,level=0,tokens=3), 1, 3, False
2024-04-17 11:20:03,180 - DEBUG - entering heading: StateBlock(line=1,level=0,tokens=3), 1, 3, False
2024-04-17 11:20:03,180 - DEBUG - entering lheading: StateBlock(line=1,level=0,tokens=3), 1, 3, False
2024-04-17 11:20:03,181 - DEBUG - entering paragraph: StateBlock(line=1,level=0,tokens=3), 1, 3, False
